;  LST file generated by mikroListExporter - v.2.0 
; Date/Time: 23/04/2025 11:42:23
;----------------------------------------------

;Address Opcode 	ASM
0x0000	0xF002EF50  	GOTO        1184
0x0004	0x0000      	NOP
0x0006	0x0000      	NOP
0x0008	0xF000EF00  	GOTO        0
0x000C	0x0000      	NOP
0x000E	0x0000      	NOP
0x0010	0x0000      	NOP
0x0012	0x0000      	NOP
0x0014	0x0000      	NOP
0x0016	0x0000      	NOP
0x0018	0xD7F3      	BRA         0
_Delay_50us:
;__Lib_Delays.c,19 :: 		void Delay_50us() {
;__Lib_Delays.c,20 :: 		Delay_us(50);
0x001C	0x0E21      	MOVLW       33
0x001E	0x6E0D      	MOVWF       R13, 0
L_Delay_50us2:
0x0020	0x2E0D      	DECFSZ      R13, 1, 0
0x0022	0xD7FE      	BRA         L_Delay_50us2
;__Lib_Delays.c,21 :: 		}
L_end_Delay_50us:
0x0024	0x0012      	RETURN      0
; end of _Delay_50us
_Delay_5500us:
;__Lib_Delays.c,31 :: 		void Delay_5500us() {
;__Lib_Delays.c,32 :: 		Delay_us(5500);
0x0026	0x0E0F      	MOVLW       15
0x0028	0x6E0C      	MOVWF       R12, 0
0x002A	0x0E47      	MOVLW       71
0x002C	0x6E0D      	MOVWF       R13, 0
L_Delay_5500us5:
0x002E	0x2E0D      	DECFSZ      R13, 1, 0
0x0030	0xD7FE      	BRA         L_Delay_5500us5
0x0032	0x2E0C      	DECFSZ      R12, 1, 0
0x0034	0xD7FC      	BRA         L_Delay_5500us5
0x0036	0x0000      	NOP
0x0038	0x0000      	NOP
;__Lib_Delays.c,33 :: 		}
L_end_Delay_5500us:
0x003A	0x0012      	RETURN      0
; end of _Delay_5500us
_Delay_1us:
;__Lib_Delays.c,7 :: 		void Delay_1us() {
;__Lib_Delays.c,8 :: 		Delay_us(1);
0x003C	0x0000      	NOP
0x003E	0x0000      	NOP
;__Lib_Delays.c,9 :: 		}
L_end_Delay_1us:
0x0040	0x0012      	RETURN      0
; end of _Delay_1us
_Lcd_Cmd:
;__Lib_Lcd.c,18 :: 		
;__Lib_Lcd.c,20 :: 		
0x0042	0xBE69      	BTFSC       FARG_Lcd_Cmd_out_char, 7 
0x0044	0xD002      	BRA         L__Lcd_Cmd21
0x0046	0x9E83      	BCF         LCD_D7, BitPos(LCD_D7+0) 
0x0048	0xD001      	BRA         L__Lcd_Cmd22
L__Lcd_Cmd21:
0x004A	0x8E83      	BSF         LCD_D7, BitPos(LCD_D7+0) 
L__Lcd_Cmd22:
;__Lib_Lcd.c,21 :: 		
0x004C	0xBC69      	BTFSC       FARG_Lcd_Cmd_out_char, 6 
0x004E	0xD002      	BRA         L__Lcd_Cmd23
0x0050	0x9C83      	BCF         LCD_D6, BitPos(LCD_D6+0) 
0x0052	0xD001      	BRA         L__Lcd_Cmd24
L__Lcd_Cmd23:
0x0054	0x8C83      	BSF         LCD_D6, BitPos(LCD_D6+0) 
L__Lcd_Cmd24:
;__Lib_Lcd.c,22 :: 		
0x0056	0xBA69      	BTFSC       FARG_Lcd_Cmd_out_char, 5 
0x0058	0xD002      	BRA         L__Lcd_Cmd25
0x005A	0x9A83      	BCF         LCD_D5, BitPos(LCD_D5+0) 
0x005C	0xD001      	BRA         L__Lcd_Cmd26
L__Lcd_Cmd25:
0x005E	0x8A83      	BSF         LCD_D5, BitPos(LCD_D5+0) 
L__Lcd_Cmd26:
;__Lib_Lcd.c,23 :: 		
0x0060	0xB869      	BTFSC       FARG_Lcd_Cmd_out_char, 4 
0x0062	0xD002      	BRA         L__Lcd_Cmd27
0x0064	0x9883      	BCF         LCD_D4, BitPos(LCD_D4+0) 
0x0066	0xD001      	BRA         L__Lcd_Cmd28
L__Lcd_Cmd27:
0x0068	0x8883      	BSF         LCD_D4, BitPos(LCD_D4+0) 
L__Lcd_Cmd28:
;__Lib_Lcd.c,25 :: 		
0x006A	0xB02D      	BTFSC       __Lib_Lcd_cmd_status, BitPos(__Lib_Lcd_cmd_status+0) 
0x006C	0xD002      	BRA         L__Lcd_Cmd29
0x006E	0x8484      	BSF         LCD_RS, BitPos(LCD_RS+0) 
0x0070	0xD001      	BRA         L__Lcd_Cmd30
L__Lcd_Cmd29:
0x0072	0x9484      	BCF         LCD_RS, BitPos(LCD_RS+0) 
L__Lcd_Cmd30:
;__Lib_Lcd.c,28 :: 		
0x0074	0x8284      	BSF         LCD_EN, BitPos(LCD_EN+0) 
;__Lib_Lcd.c,29 :: 		
0x0076	0xDFE2      	RCALL       _Delay_1us
;__Lib_Lcd.c,30 :: 		
0x0078	0x9284      	BCF         LCD_EN, BitPos(LCD_EN+0) 
;__Lib_Lcd.c,33 :: 		
0x007A	0xB669      	BTFSC       FARG_Lcd_Cmd_out_char, 3 
0x007C	0xD002      	BRA         L__Lcd_Cmd31
0x007E	0x9E83      	BCF         LCD_D7, BitPos(LCD_D7+0) 
0x0080	0xD001      	BRA         L__Lcd_Cmd32
L__Lcd_Cmd31:
0x0082	0x8E83      	BSF         LCD_D7, BitPos(LCD_D7+0) 
L__Lcd_Cmd32:
;__Lib_Lcd.c,34 :: 		
0x0084	0xB469      	BTFSC       FARG_Lcd_Cmd_out_char, 2 
0x0086	0xD002      	BRA         L__Lcd_Cmd33
0x0088	0x9C83      	BCF         LCD_D6, BitPos(LCD_D6+0) 
0x008A	0xD001      	BRA         L__Lcd_Cmd34
L__Lcd_Cmd33:
0x008C	0x8C83      	BSF         LCD_D6, BitPos(LCD_D6+0) 
L__Lcd_Cmd34:
;__Lib_Lcd.c,35 :: 		
0x008E	0xB269      	BTFSC       FARG_Lcd_Cmd_out_char, 1 
0x0090	0xD002      	BRA         L__Lcd_Cmd35
0x0092	0x9A83      	BCF         LCD_D5, BitPos(LCD_D5+0) 
0x0094	0xD001      	BRA         L__Lcd_Cmd36
L__Lcd_Cmd35:
0x0096	0x8A83      	BSF         LCD_D5, BitPos(LCD_D5+0) 
L__Lcd_Cmd36:
;__Lib_Lcd.c,36 :: 		
0x0098	0xB069      	BTFSC       FARG_Lcd_Cmd_out_char, 0 
0x009A	0xD002      	BRA         L__Lcd_Cmd37
0x009C	0x9883      	BCF         LCD_D4, BitPos(LCD_D4+0) 
0x009E	0xD001      	BRA         L__Lcd_Cmd38
L__Lcd_Cmd37:
0x00A0	0x8883      	BSF         LCD_D4, BitPos(LCD_D4+0) 
L__Lcd_Cmd38:
;__Lib_Lcd.c,38 :: 		
0x00A2	0xB02D      	BTFSC       __Lib_Lcd_cmd_status, BitPos(__Lib_Lcd_cmd_status+0) 
0x00A4	0xD002      	BRA         L__Lcd_Cmd39
0x00A6	0x8484      	BSF         LCD_RS, BitPos(LCD_RS+0) 
0x00A8	0xD001      	BRA         L__Lcd_Cmd40
L__Lcd_Cmd39:
0x00AA	0x9484      	BCF         LCD_RS, BitPos(LCD_RS+0) 
L__Lcd_Cmd40:
;__Lib_Lcd.c,40 :: 		
0x00AC	0x8284      	BSF         LCD_EN, BitPos(LCD_EN+0) 
;__Lib_Lcd.c,41 :: 		
0x00AE	0xDFC6      	RCALL       _Delay_1us
;__Lib_Lcd.c,42 :: 		
0x00B0	0x9284      	BCF         LCD_EN, BitPos(LCD_EN+0) 
;__Lib_Lcd.c,44 :: 		
0x00B2	0xA02D      	BTFSS       __Lib_Lcd_cmd_status, BitPos(__Lib_Lcd_cmd_status+0) 
0x00B4	0xD002      	BRA         L_Lcd_Cmd0
;__Lib_Lcd.c,45 :: 		
0x00B6	0xDFB7      	RCALL       _Delay_5500us
0x00B8	0xD001      	BRA         L_Lcd_Cmd1
L_Lcd_Cmd0:
;__Lib_Lcd.c,47 :: 		
0x00BA	0xDFB0      	RCALL       _Delay_50us
L_Lcd_Cmd1:
;__Lib_Lcd.c,48 :: 		
L_end_Lcd_Cmd:
0x00BC	0x0012      	RETURN      0
; end of _Lcd_Cmd
_Div_16X16_U:
;__Lib_Math.c,102 :: 		
;__Lib_Math.c,109 :: 		
0x00BE	0x6A08      	CLRF        R8, 0
;__Lib_Math.c,110 :: 		
0x00C0	0x6A09      	CLRF        R9, 0
;__Lib_Math.c,111 :: 		
0x00C2	0x0E10      	MOVLW       16
;__Lib_Math.c,112 :: 		
0x00C4	0x6E0C      	MOVWF       R12, 0
;__Lib_Math.c,113 :: 		
0x00C6	0x3401      	RLCF        R1, 0, 0
;__Lib_Math.c,114 :: 		
0x00C8	0x3608      	RLCF        R8, 1, 0
;__Lib_Math.c,115 :: 		
0x00CA	0x3609      	RLCF        R9, 1, 0
;__Lib_Math.c,116 :: 		
0x00CC	0x5004      	MOVF        R4, 0, 0
;__Lib_Math.c,117 :: 		
0x00CE	0x5E08      	SUBWF       R8, 1, 0
;__Lib_Math.c,118 :: 		
0x00D0	0x5005      	MOVF        R5, 0, 0
;__Lib_Math.c,119 :: 		
0x00D2	0xA0D8      	BTFSS       STATUS, 0, 0
;__Lib_Math.c,120 :: 		
0x00D4	0x3C05      	INCFSZ      R5, 0, 0
;__Lib_Math.c,121 :: 		
0x00D6	0x5E09      	SUBWF       R9, 1, 0
;__Lib_Math.c,122 :: 		
0x00D8	0xB0D8      	BTFSC       STATUS, 0, 0
;__Lib_Math.c,123 :: 		
0x00DA	0xD007      	BRA         $+16
;__Lib_Math.c,124 :: 		
0x00DC	0x5004      	MOVF        R4, 0, 0
;__Lib_Math.c,125 :: 		
0x00DE	0x2608      	ADDWF       R8, 1, 0
;__Lib_Math.c,126 :: 		
0x00E0	0x5005      	MOVF        R5, 0, 0
;__Lib_Math.c,127 :: 		
0x00E2	0xB0D8      	BTFSC       STATUS, 0, 0
;__Lib_Math.c,128 :: 		
0x00E4	0x3C05      	INCFSZ      R5, 0, 0
;__Lib_Math.c,129 :: 		
0x00E6	0x2609      	ADDWF       R9, 1, 0
;__Lib_Math.c,130 :: 		
0x00E8	0x90D8      	BCF         STATUS, 0, 0
;__Lib_Math.c,131 :: 		
0x00EA	0x3600      	RLCF        R0, 1, 0
;__Lib_Math.c,132 :: 		
0x00EC	0x3601      	RLCF        R1, 1, 0
;__Lib_Math.c,133 :: 		
0x00EE	0x2E0C      	DECFSZ      R12, 1, 0
;__Lib_Math.c,134 :: 		
0x00F0	0xD7EA      	BRA         $-42
;__Lib_Math.c,136 :: 		
L_end_Div_16X16_U:
0x00F2	0x0012      	RETURN      0
; end of _Div_16X16_U
_WordToStr:
;__Lib_Conversions.c,98 :: 		
;__Lib_Conversions.c,103 :: 		
0x00F4	0x6A66      	CLRF        WordToStr_len_L0 
L_WordToStr11:
0x00F6	0x0E05      	MOVLW       5
0x00F8	0x5C66      	SUBWF       WordToStr_len_L0, 0 
0x00FA	0xE20A      	BC          L_WordToStr12
;__Lib_Conversions.c,104 :: 		
0x00FC	0x5066      	MOVF        WordToStr_len_L0, 0 
0x00FE	0x2464      	ADDWF       FARG_WordToStr_output, 0 
0x0100	0x6EE1      	MOVWF       FSR1L 
0x0102	0x0E00      	MOVLW       0
0x0104	0x2065      	ADDWFC      FARG_WordToStr_output+1, 0 
0x0106	0x6EE2      	MOVWF       FSR1H 
0x0108	0x0E20      	MOVLW       32
0x010A	0x6EE6      	MOVWF       POSTINC1 
;__Lib_Conversions.c,103 :: 		
0x010C	0x2A66      	INCF        WordToStr_len_L0, 1 
;__Lib_Conversions.c,104 :: 		
0x010E	0xD7F3      	BRA         L_WordToStr11
L_WordToStr12:
;__Lib_Conversions.c,105 :: 		
0x0110	0x5066      	MOVF        WordToStr_len_L0, 0 
0x0112	0x2464      	ADDWF       FARG_WordToStr_output, 0 
0x0114	0x6EE1      	MOVWF       FSR1L 
0x0116	0x0E00      	MOVLW       0
0x0118	0x2065      	ADDWFC      FARG_WordToStr_output+1, 0 
0x011A	0x6EE2      	MOVWF       FSR1H 
0x011C	0x6AE6      	CLRF        POSTINC1 
0x011E	0x0666      	DECF        WordToStr_len_L0, 1 
;__Lib_Conversions.c,107 :: 		
L_WordToStr14:
;__Lib_Conversions.c,108 :: 		
0x0120	0x5066      	MOVF        WordToStr_len_L0, 0 
0x0122	0x2464      	ADDWF       FARG_WordToStr_output, 0 
0x0124	0x6E67      	MOVWF       FLOC__WordToStr 
0x0126	0x0E00      	MOVLW       0
0x0128	0x2065      	ADDWFC      FARG_WordToStr_output+1, 0 
0x012A	0x6E68      	MOVWF       FLOC__WordToStr+1 
0x012C	0x0E0A      	MOVLW       10
0x012E	0x6E04      	MOVWF       R4 
0x0130	0x0E00      	MOVLW       0
0x0132	0x6E05      	MOVWF       R5 
0x0134	0xF000C062  	MOVFF       FARG_WordToStr_input, R0
0x0138	0xF001C063  	MOVFF       FARG_WordToStr_input+1, R1
0x013C	0xDFC0      	RCALL       _Div_16X16_U
0x013E	0xF000C008  	MOVFF       R8, R0
0x0142	0xF001C009  	MOVFF       R9, R1
0x0146	0x0E30      	MOVLW       48
0x0148	0x2600      	ADDWF       R0, 1 
0x014A	0xFFE1C067  	MOVFF       FLOC__WordToStr, FSR1L
0x014E	0xFFE2C068  	MOVFF       FLOC__WordToStr+1, FSR1H
0x0152	0xFFE6C000  	MOVFF       R0, POSTINC1
;__Lib_Conversions.c,109 :: 		
0x0156	0x0E0A      	MOVLW       10
0x0158	0x6E04      	MOVWF       R4 
0x015A	0x0E00      	MOVLW       0
0x015C	0x6E05      	MOVWF       R5 
0x015E	0xF000C062  	MOVFF       FARG_WordToStr_input, R0
0x0162	0xF001C063  	MOVFF       FARG_WordToStr_input+1, R1
0x0166	0xDFAB      	RCALL       _Div_16X16_U
0x0168	0xF062C000  	MOVFF       R0, FARG_WordToStr_input
0x016C	0xF063C001  	MOVFF       R1, FARG_WordToStr_input+1
;__Lib_Conversions.c,110 :: 		
0x0170	0x0E00      	MOVLW       0
0x0172	0x1801      	XORWF       R1, 0 
0x0174	0xE102      	BNZ         L__WordToStr159
0x0176	0x0E00      	MOVLW       0
0x0178	0x1800      	XORWF       R0, 0 
L__WordToStr159:
0x017A	0xE101      	BNZ         L_WordToStr16
;__Lib_Conversions.c,111 :: 		
0x017C	0xD002      	BRA         L_WordToStr15
L_WordToStr16:
;__Lib_Conversions.c,112 :: 		
0x017E	0x0666      	DECF        WordToStr_len_L0, 1 
;__Lib_Conversions.c,113 :: 		
0x0180	0xD7CF      	BRA         L_WordToStr14
L_WordToStr15:
;__Lib_Conversions.c,114 :: 		
L_end_WordToStr:
0x0182	0x0012      	RETURN      0
; end of _WordToStr
_Lcd_Chr_CP:
;__Lib_Lcd.c,50 :: 		
;__Lib_Lcd.c,52 :: 		
0x0184	0x902D      	BCF         __Lib_Lcd_cmd_status, BitPos(__Lib_Lcd_cmd_status+0) 
;__Lib_Lcd.c,53 :: 		
0x0186	0xF069C062  	MOVFF       FARG_Lcd_Chr_CP_out_char, FARG_Lcd_Cmd_out_char
0x018A	0xDF5B      	RCALL       _Lcd_Cmd
;__Lib_Lcd.c,54 :: 		
0x018C	0x802D      	BSF         __Lib_Lcd_cmd_status, BitPos(__Lib_Lcd_cmd_status+0) 
;__Lib_Lcd.c,55 :: 		
L_end_Lcd_Chr_CP:
0x018E	0x0012      	RETURN      0
; end of _Lcd_Chr_CP
_strcpy:
;__Lib_CString.c,126 :: 		
;__Lib_CString.c,129 :: 		
0x0190	0xF004C058  	MOVFF       FARG_strcpy_to, R4
0x0194	0xF005C059  	MOVFF       FARG_strcpy_to+1, R5
;__Lib_CString.c,130 :: 		
L_strcpy34:
0x0198	0xF002C004  	MOVFF       R4, R2
0x019C	0xF003C005  	MOVFF       R5, R3
0x01A0	0x4A04      	INFSNZ      R4, 1 
0x01A2	0x2A05      	INCF        R5, 1 
0x01A4	0xF000C05A  	MOVFF       FARG_strcpy_from, R0
0x01A8	0xF001C05B  	MOVFF       FARG_strcpy_from+1, R1
0x01AC	0x4A5A      	INFSNZ      FARG_strcpy_from, 1 
0x01AE	0x2A5B      	INCF        FARG_strcpy_from+1, 1 
0x01B0	0xFFE9C000  	MOVFF       R0, FSR0L
0x01B4	0xFFEAC001  	MOVFF       R1, FSR0H
0x01B8	0xFFE1C002  	MOVFF       R2, FSR1L
0x01BC	0xFFE2C003  	MOVFF       R3, FSR1H
0x01C0	0xFFE6CFEE  	MOVFF       POSTINC0, POSTINC1
0x01C4	0xFFE9C002  	MOVFF       R2, FSR0L
0x01C8	0xFFEAC003  	MOVFF       R3, FSR0H
0x01CC	0x52EE      	MOVF        POSTINC0, 1 
0x01CE	0xE001      	BZ          L_strcpy35
;__Lib_CString.c,131 :: 		
0x01D0	0xD7E3      	BRA         L_strcpy34
L_strcpy35:
;__Lib_CString.c,132 :: 		
0x01D2	0xF000C058  	MOVFF       FARG_strcpy_to, R0
0x01D6	0xF001C059  	MOVFF       FARG_strcpy_to+1, R1
;__Lib_CString.c,133 :: 		
L_end_strcpy:
0x01DA	0x0012      	RETURN      0
; end of _strcpy
_Lcd_Out:
;__Lib_Lcd.c,184 :: 		
;__Lib_Lcd.c,187 :: 		
0x01DC	0xD00F      	BRA         L_Lcd_Out11
;__Lib_Lcd.c,188 :: 		
L_Lcd_Out13:
0x01DE	0x0E80      	MOVLW       128
0x01E0	0x6E58      	MOVWF       FARG_Lcd_Out_row 
0x01E2	0xD019      	BRA         L_Lcd_Out12
;__Lib_Lcd.c,189 :: 		
L_Lcd_Out14:
0x01E4	0x0EC0      	MOVLW       192
0x01E6	0x6E58      	MOVWF       FARG_Lcd_Out_row 
0x01E8	0xD016      	BRA         L_Lcd_Out12
;__Lib_Lcd.c,190 :: 		
L_Lcd_Out15:
0x01EA	0x0E94      	MOVLW       148
0x01EC	0x6E58      	MOVWF       FARG_Lcd_Out_row 
0x01EE	0xD013      	BRA         L_Lcd_Out12
;__Lib_Lcd.c,191 :: 		
L_Lcd_Out16:
0x01F0	0x0ED4      	MOVLW       212
0x01F2	0x6E58      	MOVWF       FARG_Lcd_Out_row 
0x01F4	0xD010      	BRA         L_Lcd_Out12
;__Lib_Lcd.c,192 :: 		
L_Lcd_Out17:
0x01F6	0x0E80      	MOVLW       128
0x01F8	0x6E58      	MOVWF       FARG_Lcd_Out_row 
;__Lib_Lcd.c,193 :: 		
0x01FA	0xD00D      	BRA         L_Lcd_Out12
L_Lcd_Out11:
0x01FC	0x5058      	MOVF        FARG_Lcd_Out_row, 0 
0x01FE	0x0A01      	XORLW       1
0x0200	0xE0EE      	BZ          L_Lcd_Out13
0x0202	0x5058      	MOVF        FARG_Lcd_Out_row, 0 
0x0204	0x0A02      	XORLW       2
0x0206	0xE0EE      	BZ          L_Lcd_Out14
0x0208	0x5058      	MOVF        FARG_Lcd_Out_row, 0 
0x020A	0x0A03      	XORLW       3
0x020C	0xE0EE      	BZ          L_Lcd_Out15
0x020E	0x5058      	MOVF        FARG_Lcd_Out_row, 0 
0x0210	0x0A04      	XORLW       4
0x0212	0xE0EE      	BZ          L_Lcd_Out16
0x0214	0xD7F0      	BRA         L_Lcd_Out17
L_Lcd_Out12:
;__Lib_Lcd.c,194 :: 		
0x0216	0x0459      	DECF        FARG_Lcd_Out_column, 0 
0x0218	0x6E00      	MOVWF       R0 
0x021A	0x5058      	MOVF        FARG_Lcd_Out_row, 0 
0x021C	0x2600      	ADDWF       R0, 1 
0x021E	0xF058C000  	MOVFF       R0, FARG_Lcd_Out_row
;__Lib_Lcd.c,196 :: 		
0x0222	0xF069C000  	MOVFF       R0, FARG_Lcd_Cmd_out_char
0x0226	0xDF0D      	RCALL       _Lcd_Cmd
;__Lib_Lcd.c,197 :: 		
0x0228	0x902D      	BCF         __Lib_Lcd_cmd_status, BitPos(__Lib_Lcd_cmd_status+0) 
;__Lib_Lcd.c,198 :: 		
0x022A	0x6A5C      	CLRF        Lcd_Out_i_L0 
;__Lib_Lcd.c,199 :: 		
L_Lcd_Out18:
0x022C	0x505C      	MOVF        Lcd_Out_i_L0, 0 
0x022E	0x245A      	ADDWF       FARG_Lcd_Out_text, 0 
0x0230	0x6EE9      	MOVWF       FSR0L 
0x0232	0x0E00      	MOVLW       0
0x0234	0x205B      	ADDWFC      FARG_Lcd_Out_text+1, 0 
0x0236	0x6EEA      	MOVWF       FSR0H 
0x0238	0x52EE      	MOVF        POSTINC0, 1 
0x023A	0xE00B      	BZ          L_Lcd_Out19
;__Lib_Lcd.c,200 :: 		
0x023C	0x505C      	MOVF        Lcd_Out_i_L0, 0 
0x023E	0x245A      	ADDWF       FARG_Lcd_Out_text, 0 
0x0240	0x6EE9      	MOVWF       FSR0L 
0x0242	0x0E00      	MOVLW       0
0x0244	0x205B      	ADDWFC      FARG_Lcd_Out_text+1, 0 
0x0246	0x6EEA      	MOVWF       FSR0H 
0x0248	0xF062CFEE  	MOVFF       POSTINC0, FARG_Lcd_Chr_CP_out_char
0x024C	0xDF9B      	RCALL       _Lcd_Chr_CP
0x024E	0x2A5C      	INCF        Lcd_Out_i_L0, 1 
0x0250	0xD7ED      	BRA         L_Lcd_Out18
L_Lcd_Out19:
;__Lib_Lcd.c,201 :: 		
0x0252	0x802D      	BSF         __Lib_Lcd_cmd_status, BitPos(__Lib_Lcd_cmd_status+0) 
;__Lib_Lcd.c,202 :: 		
L_end_Lcd_Out:
0x0254	0x0012      	RETURN      0
; end of _Lcd_Out
_Lcd_Init:
;__Lib_Lcd.c,84 :: 		
;__Lib_Lcd.c,86 :: 		
0x0256	0x9296      	BCF         LCD_EN_Direction, BitPos(LCD_EN_Direction+0) 
;__Lib_Lcd.c,87 :: 		
0x0258	0x9496      	BCF         LCD_RS_Direction, BitPos(LCD_RS_Direction+0) 
;__Lib_Lcd.c,88 :: 		
0x025A	0x9895      	BCF         LCD_D4_Direction, BitPos(LCD_D4_Direction+0) 
;__Lib_Lcd.c,89 :: 		
0x025C	0x9A95      	BCF         LCD_D5_Direction, BitPos(LCD_D5_Direction+0) 
;__Lib_Lcd.c,90 :: 		
0x025E	0x9C95      	BCF         LCD_D6_Direction, BitPos(LCD_D6_Direction+0) 
;__Lib_Lcd.c,91 :: 		
0x0260	0x9E95      	BCF         LCD_D7_Direction, BitPos(LCD_D7_Direction+0) 
;__Lib_Lcd.c,93 :: 		
0x0262	0x9284      	BCF         LCD_EN, BitPos(LCD_EN+0) 
;__Lib_Lcd.c,94 :: 		
0x0264	0x9484      	BCF         LCD_RS, BitPos(LCD_RS+0) 
;__Lib_Lcd.c,95 :: 		
0x0266	0x9E83      	BCF         LCD_D7, BitPos(LCD_D7+0) 
;__Lib_Lcd.c,96 :: 		
0x0268	0x9C83      	BCF         LCD_D6, BitPos(LCD_D6+0) 
;__Lib_Lcd.c,97 :: 		
0x026A	0x9A83      	BCF         LCD_D5, BitPos(LCD_D5+0) 
;__Lib_Lcd.c,98 :: 		
0x026C	0x9883      	BCF         LCD_D4, BitPos(LCD_D4+0) 
;__Lib_Lcd.c,100 :: 		
0x026E	0xDEDB      	RCALL       _Delay_5500us
;__Lib_Lcd.c,101 :: 		
0x0270	0xDEDA      	RCALL       _Delay_5500us
;__Lib_Lcd.c,102 :: 		
0x0272	0xDED9      	RCALL       _Delay_5500us
;__Lib_Lcd.c,105 :: 		
0x0274	0x8A83      	BSF         LCD_D5, BitPos(LCD_D5+0) 
;__Lib_Lcd.c,106 :: 		
0x0276	0x8883      	BSF         LCD_D4, BitPos(LCD_D4+0) 
;__Lib_Lcd.c,107 :: 		
0x0278	0x8284      	BSF         LCD_EN, BitPos(LCD_EN+0) 
;__Lib_Lcd.c,108 :: 		
0x027A	0xDEE0      	RCALL       _Delay_1us
;__Lib_Lcd.c,109 :: 		
0x027C	0x9284      	BCF         LCD_EN, BitPos(LCD_EN+0) 
;__Lib_Lcd.c,110 :: 		
0x027E	0xDED3      	RCALL       _Delay_5500us
;__Lib_Lcd.c,112 :: 		
0x0280	0x8284      	BSF         LCD_EN, BitPos(LCD_EN+0) 
;__Lib_Lcd.c,113 :: 		
0x0282	0xDEDC      	RCALL       _Delay_1us
;__Lib_Lcd.c,114 :: 		
0x0284	0x9284      	BCF         LCD_EN, BitPos(LCD_EN+0) 
;__Lib_Lcd.c,115 :: 		
0x0286	0xDECF      	RCALL       _Delay_5500us
;__Lib_Lcd.c,117 :: 		
0x0288	0x8284      	BSF         LCD_EN, BitPos(LCD_EN+0) 
;__Lib_Lcd.c,118 :: 		
0x028A	0xDED8      	RCALL       _Delay_1us
;__Lib_Lcd.c,119 :: 		
0x028C	0x9284      	BCF         LCD_EN, BitPos(LCD_EN+0) 
;__Lib_Lcd.c,120 :: 		
0x028E	0xDECB      	RCALL       _Delay_5500us
;__Lib_Lcd.c,123 :: 		
0x0290	0x9883      	BCF         LCD_D4, BitPos(LCD_D4+0) 
;__Lib_Lcd.c,124 :: 		
0x0292	0x8284      	BSF         LCD_EN, BitPos(LCD_EN+0) 
;__Lib_Lcd.c,125 :: 		
0x0294	0xDED3      	RCALL       _Delay_1us
;__Lib_Lcd.c,126 :: 		
0x0296	0x9284      	BCF         LCD_EN, BitPos(LCD_EN+0) 
;__Lib_Lcd.c,127 :: 		
0x0298	0xDEC6      	RCALL       _Delay_5500us
;__Lib_Lcd.c,130 :: 		
0x029A	0x8284      	BSF         LCD_EN, BitPos(LCD_EN+0) 
;__Lib_Lcd.c,131 :: 		
0x029C	0xDECF      	RCALL       _Delay_1us
;__Lib_Lcd.c,132 :: 		
0x029E	0x9284      	BCF         LCD_EN, BitPos(LCD_EN+0) 
;__Lib_Lcd.c,134 :: 		
0x02A0	0x9A83      	BCF         LCD_D5, BitPos(LCD_D5+0) 
;__Lib_Lcd.c,135 :: 		
0x02A2	0x8E83      	BSF         LCD_D7, BitPos(LCD_D7+0) 
;__Lib_Lcd.c,136 :: 		
0x02A4	0x8284      	BSF         LCD_EN, BitPos(LCD_EN+0) 
;__Lib_Lcd.c,137 :: 		
0x02A6	0xDECA      	RCALL       _Delay_1us
;__Lib_Lcd.c,138 :: 		
0x02A8	0x9284      	BCF         LCD_EN, BitPos(LCD_EN+0) 
;__Lib_Lcd.c,139 :: 		
0x02AA	0xDEBD      	RCALL       _Delay_5500us
;__Lib_Lcd.c,142 :: 		
0x02AC	0x9E83      	BCF         LCD_D7, BitPos(LCD_D7+0) 
;__Lib_Lcd.c,143 :: 		
0x02AE	0x8883      	BSF         LCD_D4, BitPos(LCD_D4+0) 
;__Lib_Lcd.c,144 :: 		
0x02B0	0x8284      	BSF         LCD_EN, BitPos(LCD_EN+0) 
;__Lib_Lcd.c,145 :: 		
0x02B2	0xDEC4      	RCALL       _Delay_1us
;__Lib_Lcd.c,146 :: 		
0x02B4	0x9284      	BCF         LCD_EN, BitPos(LCD_EN+0) 
;__Lib_Lcd.c,148 :: 		
0x02B6	0x9883      	BCF         LCD_D4, BitPos(LCD_D4+0) 
;__Lib_Lcd.c,149 :: 		
0x02B8	0x8284      	BSF         LCD_EN, BitPos(LCD_EN+0) 
;__Lib_Lcd.c,150 :: 		
0x02BA	0xDEC0      	RCALL       _Delay_1us
;__Lib_Lcd.c,151 :: 		
0x02BC	0x9284      	BCF         LCD_EN, BitPos(LCD_EN+0) 
;__Lib_Lcd.c,152 :: 		
0x02BE	0xDEB3      	RCALL       _Delay_5500us
;__Lib_Lcd.c,155 :: 		
0x02C0	0x8284      	BSF         LCD_EN, BitPos(LCD_EN+0) 
;__Lib_Lcd.c,156 :: 		
0x02C2	0xDEBC      	RCALL       _Delay_1us
;__Lib_Lcd.c,157 :: 		
0x02C4	0x9284      	BCF         LCD_EN, BitPos(LCD_EN+0) 
;__Lib_Lcd.c,159 :: 		
0x02C6	0x8883      	BSF         LCD_D4, BitPos(LCD_D4+0) 
;__Lib_Lcd.c,160 :: 		
0x02C8	0x8284      	BSF         LCD_EN, BitPos(LCD_EN+0) 
;__Lib_Lcd.c,161 :: 		
0x02CA	0xDEB8      	RCALL       _Delay_1us
;__Lib_Lcd.c,162 :: 		
0x02CC	0x9284      	BCF         LCD_EN, BitPos(LCD_EN+0) 
;__Lib_Lcd.c,163 :: 		
0x02CE	0xDEAB      	RCALL       _Delay_5500us
;__Lib_Lcd.c,166 :: 		
0x02D0	0x9883      	BCF         LCD_D4, BitPos(LCD_D4+0) 
;__Lib_Lcd.c,167 :: 		
0x02D2	0x8284      	BSF         LCD_EN, BitPos(LCD_EN+0) 
;__Lib_Lcd.c,168 :: 		
0x02D4	0xDEB3      	RCALL       _Delay_1us
;__Lib_Lcd.c,169 :: 		
0x02D6	0x9284      	BCF         LCD_EN, BitPos(LCD_EN+0) 
;__Lib_Lcd.c,171 :: 		
0x02D8	0x8E83      	BSF         LCD_D7, BitPos(LCD_D7+0) 
;__Lib_Lcd.c,172 :: 		
0x02DA	0x8C83      	BSF         LCD_D6, BitPos(LCD_D6+0) 
;__Lib_Lcd.c,173 :: 		
0x02DC	0x8A83      	BSF         LCD_D5, BitPos(LCD_D5+0) 
;__Lib_Lcd.c,174 :: 		
0x02DE	0x8883      	BSF         LCD_D4, BitPos(LCD_D4+0) 
;__Lib_Lcd.c,175 :: 		
0x02E0	0x8284      	BSF         LCD_EN, BitPos(LCD_EN+0) 
;__Lib_Lcd.c,176 :: 		
0x02E2	0xDEAC      	RCALL       _Delay_1us
;__Lib_Lcd.c,177 :: 		
0x02E4	0x9284      	BCF         LCD_EN, BitPos(LCD_EN+0) 
;__Lib_Lcd.c,179 :: 		
0x02E6	0xDE9F      	RCALL       _Delay_5500us
;__Lib_Lcd.c,181 :: 		
0x02E8	0x802D      	BSF         __Lib_Lcd_cmd_status, BitPos(__Lib_Lcd_cmd_status+0) 
;__Lib_Lcd.c,182 :: 		
L_end_Lcd_Init:
0x02EA	0x0012      	RETURN      0
; end of _Lcd_Init
___CC2DW:
;__Lib_System.c,21 :: 		
;__Lib_System.c,23 :: 		
_CC2DL_Loop1:
;__Lib_System.c,24 :: 		
0x02EC	0x0009      	TBLRD*+
;__Lib_System.c,25 :: 		
0x02EE	0xFFE6CFF5  	MOVFF       TABLAT, POSTINC1
;__Lib_System.c,26 :: 		
0x02F2	0x0600      	DECF        R0, 1, 0
;__Lib_System.c,27 :: 		
0x02F4	0xE1FB      	BNZ         _CC2DL_Loop1
;__Lib_System.c,28 :: 		
0x02F6	0x0601      	DECF        R1, 1, 0
;__Lib_System.c,29 :: 		
0x02F8	0xE1F9      	BNZ         _CC2DL_Loop1
;__Lib_System.c,31 :: 		
L_end___CC2DW:
0x02FA	0x0012      	RETURN      0
; end of ___CC2DW
_strcat:
;__Lib_CString.c,87 :: 		
;__Lib_CString.c,90 :: 		
0x02FC	0xF004C058  	MOVFF       FARG_strcat_to, R4
0x0300	0xF005C059  	MOVFF       FARG_strcat_to+1, R5
;__Lib_CString.c,91 :: 		
L_strcat22:
0x0304	0xFFE9C004  	MOVFF       R4, FSR0L
0x0308	0xFFEAC005  	MOVFF       R5, FSR0H
0x030C	0x52EE      	MOVF        POSTINC0, 1 
0x030E	0xE003      	BZ          L_strcat23
;__Lib_CString.c,92 :: 		
0x0310	0x4A04      	INFSNZ      R4, 1 
0x0312	0x2A05      	INCF        R5, 1 
0x0314	0xD7F7      	BRA         L_strcat22
L_strcat23:
;__Lib_CString.c,93 :: 		
L_strcat24:
0x0316	0xF002C004  	MOVFF       R4, R2
0x031A	0xF003C005  	MOVFF       R5, R3
0x031E	0x4A04      	INFSNZ      R4, 1 
0x0320	0x2A05      	INCF        R5, 1 
0x0322	0xF000C05A  	MOVFF       FARG_strcat_from, R0
0x0326	0xF001C05B  	MOVFF       FARG_strcat_from+1, R1
0x032A	0x4A5A      	INFSNZ      FARG_strcat_from, 1 
0x032C	0x2A5B      	INCF        FARG_strcat_from+1, 1 
0x032E	0xFFE9C000  	MOVFF       R0, FSR0L
0x0332	0xFFEAC001  	MOVFF       R1, FSR0H
0x0336	0xFFE1C002  	MOVFF       R2, FSR1L
0x033A	0xFFE2C003  	MOVFF       R3, FSR1H
0x033E	0xFFE6CFEE  	MOVFF       POSTINC0, POSTINC1
0x0342	0xFFE9C002  	MOVFF       R2, FSR0L
0x0346	0xFFEAC003  	MOVFF       R3, FSR0H
0x034A	0x52EE      	MOVF        POSTINC0, 1 
0x034C	0xE001      	BZ          L_strcat25
;__Lib_CString.c,94 :: 		
0x034E	0xD7E3      	BRA         L_strcat24
L_strcat25:
;__Lib_CString.c,95 :: 		
0x0350	0xF000C058  	MOVFF       FARG_strcat_to, R0
0x0354	0xF001C059  	MOVFF       FARG_strcat_to+1, R1
;__Lib_CString.c,96 :: 		
L_end_strcat:
0x0358	0x0012      	RETURN      0
; end of _strcat
_Ltrim:
;__Lib_Conversions.c,421 :: 		
;__Lib_Conversions.c,425 :: 		
0x035A	0x6A5A      	CLRF        Ltrim_trimmed_L0 
0x035C	0x6A5B      	CLRF        Ltrim_trimmed_L0+1 
;__Lib_Conversions.c,426 :: 		
0x035E	0xF003C058  	MOVFF       FARG_Ltrim_string, R3
0x0362	0xF004C059  	MOVFF       FARG_Ltrim_string+1, R4
;__Lib_Conversions.c,427 :: 		
0x0366	0xF005C058  	MOVFF       FARG_Ltrim_string, R5
0x036A	0xF006C059  	MOVFF       FARG_Ltrim_string+1, R6
;__Lib_Conversions.c,428 :: 		
L_Ltrim84:
;__Lib_Conversions.c,429 :: 		
0x036E	0xFFE9C003  	MOVFF       R3, FSR0L
0x0372	0xFFEAC004  	MOVFF       R4, FSR0H
0x0376	0x50EE      	MOVF        POSTINC0, 0 
0x0378	0x0A20      	XORLW       32
0x037A	0xE104      	BNZ         L__Ltrim147
0x037C	0x505A      	MOVF        Ltrim_trimmed_L0, 0 
0x037E	0x105B      	IORWF       Ltrim_trimmed_L0+1, 0 
0x0380	0xE101      	BNZ         L__Ltrim147
0x0382	0xD010      	BRA         L_Ltrim89
L__Ltrim147:
;__Lib_Conversions.c,430 :: 		
0x0384	0x0E01      	MOVLW       1
0x0386	0x6E5A      	MOVWF       Ltrim_trimmed_L0 
0x0388	0x0E00      	MOVLW       0
0x038A	0x6E5B      	MOVWF       Ltrim_trimmed_L0+1 
;__Lib_Conversions.c,431 :: 		
0x038C	0xFFE9C003  	MOVFF       R3, FSR0L
0x0390	0xFFEAC004  	MOVFF       R4, FSR0H
0x0394	0xFFE1C005  	MOVFF       R5, FSR1L
0x0398	0xFFE2C006  	MOVFF       R6, FSR1H
0x039C	0xFFE6CFEE  	MOVFF       POSTINC0, POSTINC1
0x03A0	0x4A05      	INFSNZ      R5, 1 
0x03A2	0x2A06      	INCF        R6, 1 
;__Lib_Conversions.c,432 :: 		
L_Ltrim89:
;__Lib_Conversions.c,434 :: 		
0x03A4	0xF001C003  	MOVFF       R3, R1
0x03A8	0xF002C004  	MOVFF       R4, R2
0x03AC	0x4A03      	INFSNZ      R3, 1 
0x03AE	0x2A04      	INCF        R4, 1 
0x03B0	0xFFE9C001  	MOVFF       R1, FSR0L
0x03B4	0xFFEAC002  	MOVFF       R2, FSR0H
0x03B8	0x50EE      	MOVF        POSTINC0, 0 
0x03BA	0x0A00      	XORLW       0
0x03BC	0xE1D8      	BNZ         L_Ltrim84
;__Lib_Conversions.c,435 :: 		
0x03BE	0xF000C058  	MOVFF       FARG_Ltrim_string, R0
0x03C2	0xF001C059  	MOVFF       FARG_Ltrim_string+1, R1
;__Lib_Conversions.c,436 :: 		
L_end_Ltrim:
0x03C6	0x0012      	RETURN      0
; end of _Ltrim
_IntToStr:
;__Lib_Conversions.c,195 :: 		
;__Lib_Conversions.c,201 :: 		
0x03C8	0x6A5E      	CLRF        IntToStr_negative_L0 
0x03CA	0x6A5F      	CLRF        IntToStr_negative_L0+1 
;__Lib_Conversions.c,202 :: 		
0x03CC	0xF060C058  	MOVFF       FARG_IntToStr_input, IntToStr_inword_L0
0x03D0	0xF061C059  	MOVFF       FARG_IntToStr_input+1, IntToStr_inword_L0+1
;__Lib_Conversions.c,203 :: 		
0x03D4	0x0E80      	MOVLW       128
0x03D6	0x1859      	XORWF       FARG_IntToStr_input+1, 0 
0x03D8	0x6E00      	MOVWF       R0 
0x03DA	0x0E80      	MOVLW       128
0x03DC	0x5C00      	SUBWF       R0, 0 
0x03DE	0xE102      	BNZ         L__IntToStr167
0x03E0	0x0E00      	MOVLW       0
0x03E2	0x5C58      	SUBWF       FARG_IntToStr_input, 0 
L__IntToStr167:
0x03E4	0xE20B      	BC          L_IntToStr37
;__Lib_Conversions.c,204 :: 		
0x03E6	0x0E01      	MOVLW       1
0x03E8	0x6E5E      	MOVWF       IntToStr_negative_L0 
0x03EA	0x0E00      	MOVLW       0
0x03EC	0x6E5F      	MOVWF       IntToStr_negative_L0+1 
;__Lib_Conversions.c,205 :: 		
0x03EE	0x5058      	MOVF        FARG_IntToStr_input, 0 
0x03F0	0x0800      	SUBLW       0
0x03F2	0x6E60      	MOVWF       IntToStr_inword_L0 
0x03F4	0xF061C059  	MOVFF       FARG_IntToStr_input+1, IntToStr_inword_L0+1
0x03F8	0x0E00      	MOVLW       0
0x03FA	0x5661      	SUBFWB      IntToStr_inword_L0+1, 1 
;__Lib_Conversions.c,206 :: 		
L_IntToStr37:
;__Lib_Conversions.c,207 :: 		
0x03FC	0xF062C060  	MOVFF       IntToStr_inword_L0, FARG_WordToStr_input
0x0400	0xF063C061  	MOVFF       IntToStr_inword_L0+1, FARG_WordToStr_input+1
0x0404	0xF064C05A  	MOVFF       FARG_IntToStr_output, FARG_WordToStr_output
0x0408	0xF065C05B  	MOVFF       FARG_IntToStr_output+1, FARG_WordToStr_output+1
0x040C	0xDE73      	RCALL       _WordToStr
;__Lib_Conversions.c,209 :: 		
0x040E	0x0E06      	MOVLW       6
0x0410	0x6E5C      	MOVWF       IntToStr_i_L0 
0x0412	0x0E00      	MOVLW       0
0x0414	0x6E5D      	MOVWF       IntToStr_i_L0+1 
;__Lib_Conversions.c,210 :: 		
L_IntToStr38:
0x0416	0x0E00      	MOVLW       0
0x0418	0x6E00      	MOVWF       R0 
0x041A	0x505D      	MOVF        IntToStr_i_L0+1, 0 
0x041C	0x5C00      	SUBWF       R0, 0 
0x041E	0xE102      	BNZ         L__IntToStr168
0x0420	0x505C      	MOVF        IntToStr_i_L0, 0 
0x0422	0x0800      	SUBLW       0
L__IntToStr168:
0x0424	0xE219      	BC          L_IntToStr39
;__Lib_Conversions.c,211 :: 		
0x0426	0x505C      	MOVF        IntToStr_i_L0, 0 
0x0428	0x245A      	ADDWF       FARG_IntToStr_output, 0 
0x042A	0x6EE1      	MOVWF       FSR1L 
0x042C	0x505D      	MOVF        IntToStr_i_L0+1, 0 
0x042E	0x205B      	ADDWFC      FARG_IntToStr_output+1, 0 
0x0430	0x6EE2      	MOVWF       FSR1H 
0x0432	0x0E01      	MOVLW       1
0x0434	0x5C5C      	SUBWF       IntToStr_i_L0, 0 
0x0436	0x6E00      	MOVWF       R0 
0x0438	0x0E00      	MOVLW       0
0x043A	0x585D      	SUBWFB      IntToStr_i_L0+1, 0 
0x043C	0x6E01      	MOVWF       R1 
0x043E	0x5000      	MOVF        R0, 0 
0x0440	0x245A      	ADDWF       FARG_IntToStr_output, 0 
0x0442	0x6EE9      	MOVWF       FSR0L 
0x0444	0x5001      	MOVF        R1, 0 
0x0446	0x205B      	ADDWFC      FARG_IntToStr_output+1, 0 
0x0448	0x6EEA      	MOVWF       FSR0H 
0x044A	0xFFE6CFEE  	MOVFF       POSTINC0, POSTINC1
;__Lib_Conversions.c,212 :: 		
0x044E	0x0E01      	MOVLW       1
0x0450	0x5E5C      	SUBWF       IntToStr_i_L0, 1 
0x0452	0x0E00      	MOVLW       0
0x0454	0x5A5D      	SUBWFB      IntToStr_i_L0+1, 1 
;__Lib_Conversions.c,213 :: 		
0x0456	0xD7DF      	BRA         L_IntToStr38
L_IntToStr39:
;__Lib_Conversions.c,214 :: 		
0x0458	0xFFE1C05A  	MOVFF       FARG_IntToStr_output, FSR1L
0x045C	0xFFE2C05B  	MOVFF       FARG_IntToStr_output+1, FSR1H
0x0460	0x0E20      	MOVLW       32
0x0462	0x6EE6      	MOVWF       POSTINC1 
;__Lib_Conversions.c,215 :: 		
0x0464	0x505E      	MOVF        IntToStr_negative_L0, 0 
0x0466	0x105F      	IORWF       IntToStr_negative_L0+1, 0 
0x0468	0xE01A      	BZ          L_IntToStr40
;__Lib_Conversions.c,216 :: 		
0x046A	0x6A5C      	CLRF        IntToStr_i_L0 
0x046C	0x6A5D      	CLRF        IntToStr_i_L0+1 
;__Lib_Conversions.c,217 :: 		
L_IntToStr41:
0x046E	0x505C      	MOVF        IntToStr_i_L0, 0 
0x0470	0x245A      	ADDWF       FARG_IntToStr_output, 0 
0x0472	0x6EE9      	MOVWF       FSR0L 
0x0474	0x505D      	MOVF        IntToStr_i_L0+1, 0 
0x0476	0x205B      	ADDWFC      FARG_IntToStr_output+1, 0 
0x0478	0x6EEA      	MOVWF       FSR0H 
0x047A	0x50EE      	MOVF        POSTINC0, 0 
0x047C	0x0A20      	XORLW       32
0x047E	0xE103      	BNZ         L_IntToStr42
0x0480	0x4A5C      	INFSNZ      IntToStr_i_L0, 1 
0x0482	0x2A5D      	INCF        IntToStr_i_L0+1, 1 
0x0484	0xD7F4      	BRA         L_IntToStr41
L_IntToStr42:
;__Lib_Conversions.c,218 :: 		
0x0486	0x0E01      	MOVLW       1
0x0488	0x5E5C      	SUBWF       IntToStr_i_L0, 1 
0x048A	0x0E00      	MOVLW       0
0x048C	0x5A5D      	SUBWFB      IntToStr_i_L0+1, 1 
;__Lib_Conversions.c,219 :: 		
0x048E	0x505C      	MOVF        IntToStr_i_L0, 0 
0x0490	0x245A      	ADDWF       FARG_IntToStr_output, 0 
0x0492	0x6EE1      	MOVWF       FSR1L 
0x0494	0x505D      	MOVF        IntToStr_i_L0+1, 0 
0x0496	0x205B      	ADDWFC      FARG_IntToStr_output+1, 0 
0x0498	0x6EE2      	MOVWF       FSR1H 
0x049A	0x0E2D      	MOVLW       45
0x049C	0x6EE6      	MOVWF       POSTINC1 
L_IntToStr40:
;__Lib_Conversions.c,220 :: 		
L_end_IntToStr:
0x049E	0x0012      	RETURN      0
; end of _IntToStr
_main:
0x04A0	0xF003ECCA  	CALL        1940, 0
;HoraLCD.c,31 :: 		void main() {
;HoraLCD.c,32 :: 		int hora = 0;
0x04A4	0x6A52      	CLRF        main_hora_L0 
0x04A6	0x6A53      	CLRF        main_hora_L0+1 
0x04A8	0x6A54      	CLRF        main_minuto_L0 
0x04AA	0x6A55      	CLRF        main_minuto_L0+1 
0x04AC	0x6A56      	CLRF        main_segundo_L0 
0x04AE	0x6A57      	CLRF        main_segundo_L0+1 
;HoraLCD.c,45 :: 		ADCON0  = 0x00;        // Configura todos pinos das portas para digital e
0x04B0	0x6AC2      	CLRF        ADCON0 
;HoraLCD.c,46 :: 		ADCON1  = 0x06;       // desabilita o conversor A/D
0x04B2	0x0E06      	MOVLW       6
0x04B4	0x6EC1      	MOVWF       ADCON1 
;HoraLCD.c,48 :: 		trisb = 0xFF; //Define todas as portas to registrador B como entrada
0x04B6	0x0EFF      	MOVLW       255
0x04B8	0x6E93      	MOVWF       TRISB 
;HoraLCD.c,50 :: 		Lcd_Init();                  	//Inicializa o Display
0x04BA	0xDECD      	RCALL       _Lcd_Init
;HoraLCD.c,51 :: 		delay_ms(100);
0x04BC	0x0E02      	MOVLW       2
0x04BE	0x6E0B      	MOVWF       R11, 0
0x04C0	0x0E04      	MOVLW       4
0x04C2	0x6E0C      	MOVWF       R12, 0
0x04C4	0x0EBA      	MOVLW       186
0x04C6	0x6E0D      	MOVWF       R13, 0
L_main0:
0x04C8	0x2E0D      	DECFSZ      R13, 1, 0
0x04CA	0xD7FE      	BRA         L_main0
0x04CC	0x2E0C      	DECFSZ      R12, 1, 0
0x04CE	0xD7FC      	BRA         L_main0
0x04D0	0x2E0B      	DECFSZ      R11, 1, 0
0x04D2	0xD7FA      	BRA         L_main0
0x04D4	0x0000      	NOP
;HoraLCD.c,52 :: 		Lcd_Cmd(_LCD_CLEAR);         	//Limpa o Display
0x04D6	0x0E01      	MOVLW       1
0x04D8	0x6E69      	MOVWF       FARG_Lcd_Cmd_out_char 
0x04DA	0xDDB3      	RCALL       _Lcd_Cmd
;HoraLCD.c,53 :: 		delay_ms(100);
0x04DC	0x0E02      	MOVLW       2
0x04DE	0x6E0B      	MOVWF       R11, 0
0x04E0	0x0E04      	MOVLW       4
0x04E2	0x6E0C      	MOVWF       R12, 0
0x04E4	0x0EBA      	MOVLW       186
0x04E6	0x6E0D      	MOVWF       R13, 0
L_main1:
0x04E8	0x2E0D      	DECFSZ      R13, 1, 0
0x04EA	0xD7FE      	BRA         L_main1
0x04EC	0x2E0C      	DECFSZ      R12, 1, 0
0x04EE	0xD7FC      	BRA         L_main1
0x04F0	0x2E0B      	DECFSZ      R11, 1, 0
0x04F2	0xD7FA      	BRA         L_main1
0x04F4	0x0000      	NOP
;HoraLCD.c,54 :: 		Lcd_Cmd(_LCD_CURSOR_OFF);    	//Desabilita o cursor
0x04F6	0x0E0C      	MOVLW       12
0x04F8	0x6E69      	MOVWF       FARG_Lcd_Cmd_out_char 
0x04FA	0xDDA3      	RCALL       _Lcd_Cmd
;HoraLCD.c,55 :: 		delay_ms(100);
0x04FC	0x0E02      	MOVLW       2
0x04FE	0x6E0B      	MOVWF       R11, 0
0x0500	0x0E04      	MOVLW       4
0x0502	0x6E0C      	MOVWF       R12, 0
0x0504	0x0EBA      	MOVLW       186
0x0506	0x6E0D      	MOVWF       R13, 0
L_main2:
0x0508	0x2E0D      	DECFSZ      R13, 1, 0
0x050A	0xD7FE      	BRA         L_main2
0x050C	0x2E0C      	DECFSZ      R12, 1, 0
0x050E	0xD7FC      	BRA         L_main2
0x0510	0x2E0B      	DECFSZ      R11, 1, 0
0x0512	0xD7FA      	BRA         L_main2
0x0514	0x0000      	NOP
;HoraLCD.c,57 :: 		Lcd_Out(1,3,"LCD Pronto!!");	// Escreve no LCD na linha 1 coluna 4
0x0516	0x0E01      	MOVLW       1
0x0518	0x6E58      	MOVWF       FARG_Lcd_Out_row 
0x051A	0x0E03      	MOVLW       3
0x051C	0x6E59      	MOVWF       FARG_Lcd_Out_column 
0x051E	0x0E18      	MOVLW       ?lstr1_HoraLCD
0x0520	0x6E5A      	MOVWF       FARG_Lcd_Out_text 
0x0522	0x0E00      	MOVLW       hi_addr(?lstr1_HoraLCD)
0x0524	0x6E5B      	MOVWF       FARG_Lcd_Out_text+1 
0x0526	0xDE5A      	RCALL       _Lcd_Out
;HoraLCD.c,58 :: 		delay_ms(1000);
0x0528	0x0E0B      	MOVLW       11
0x052A	0x6E0B      	MOVWF       R11, 0
0x052C	0x0E26      	MOVLW       38
0x052E	0x6E0C      	MOVWF       R12, 0
0x0530	0x0E5D      	MOVLW       93
0x0532	0x6E0D      	MOVWF       R13, 0
L_main3:
0x0534	0x2E0D      	DECFSZ      R13, 1, 0
0x0536	0xD7FE      	BRA         L_main3
0x0538	0x2E0C      	DECFSZ      R12, 1, 0
0x053A	0xD7FC      	BRA         L_main3
0x053C	0x2E0B      	DECFSZ      R11, 1, 0
0x053E	0xD7FA      	BRA         L_main3
0x0540	0x0000      	NOP
0x0542	0x0000      	NOP
;HoraLCD.c,59 :: 		Lcd_Cmd(_LCD_CLEAR);
0x0544	0x0E01      	MOVLW       1
0x0546	0x6E69      	MOVWF       FARG_Lcd_Cmd_out_char 
0x0548	0xDD7C      	RCALL       _Lcd_Cmd
;HoraLCD.c,60 :: 		delay_ms(100);
0x054A	0x0E02      	MOVLW       2
0x054C	0x6E0B      	MOVWF       R11, 0
0x054E	0x0E04      	MOVLW       4
0x0550	0x6E0C      	MOVWF       R12, 0
0x0552	0x0EBA      	MOVLW       186
0x0554	0x6E0D      	MOVWF       R13, 0
L_main4:
0x0556	0x2E0D      	DECFSZ      R13, 1, 0
0x0558	0xD7FE      	BRA         L_main4
0x055A	0x2E0C      	DECFSZ      R12, 1, 0
0x055C	0xD7FC      	BRA         L_main4
0x055E	0x2E0B      	DECFSZ      R11, 1, 0
0x0560	0xD7FA      	BRA         L_main4
0x0562	0x0000      	NOP
;HoraLCD.c,62 :: 		while(1) {     //LOOP
L_main5:
;HoraLCD.c,65 :: 		IntToStr(hora,horaString);
0x0564	0xF058C052  	MOVFF       main_hora_L0, FARG_IntToStr_input
0x0568	0xF059C053  	MOVFF       main_hora_L0+1, FARG_IntToStr_input+1
0x056C	0x0E37      	MOVLW       main_horaString_L0
0x056E	0x6E5A      	MOVWF       FARG_IntToStr_output 
0x0570	0x0E00      	MOVLW       hi_addr(main_horaString_L0)
0x0572	0x6E5B      	MOVWF       FARG_IntToStr_output+1 
0x0574	0xDF29      	RCALL       _IntToStr
;HoraLCD.c,66 :: 		IntToStr(minuto,minutoString);
0x0576	0xF058C054  	MOVFF       main_minuto_L0, FARG_IntToStr_input
0x057A	0xF059C055  	MOVFF       main_minuto_L0+1, FARG_IntToStr_input+1
0x057E	0x0E3E      	MOVLW       main_minutoString_L0
0x0580	0x6E5A      	MOVWF       FARG_IntToStr_output 
0x0582	0x0E00      	MOVLW       hi_addr(main_minutoString_L0)
0x0584	0x6E5B      	MOVWF       FARG_IntToStr_output+1 
0x0586	0xDF20      	RCALL       _IntToStr
;HoraLCD.c,67 :: 		IntToStr(segundo,segundoString);
0x0588	0xF058C056  	MOVFF       main_segundo_L0, FARG_IntToStr_input
0x058C	0xF059C057  	MOVFF       main_segundo_L0+1, FARG_IntToStr_input+1
0x0590	0x0E45      	MOVLW       main_segundoString_L0
0x0592	0x6E5A      	MOVWF       FARG_IntToStr_output 
0x0594	0x0E00      	MOVLW       hi_addr(main_segundoString_L0)
0x0596	0x6E5B      	MOVWF       FARG_IntToStr_output+1 
0x0598	0xDF17      	RCALL       _IntToStr
;HoraLCD.c,69 :: 		horaPtr = Ltrim(horaString);
0x059A	0x0E37      	MOVLW       main_horaString_L0
0x059C	0x6E58      	MOVWF       FARG_Ltrim_string 
0x059E	0x0E00      	MOVLW       hi_addr(main_horaString_L0)
0x05A0	0x6E59      	MOVWF       FARG_Ltrim_string+1 
0x05A2	0xDEDB      	RCALL       _Ltrim
0x05A4	0xF04CC000  	MOVFF       R0, main_horaPtr_L0
0x05A8	0xF04DC001  	MOVFF       R1, main_horaPtr_L0+1
;HoraLCD.c,70 :: 		minutoPtr = Ltrim(minutoString);
0x05AC	0x0E3E      	MOVLW       main_minutoString_L0
0x05AE	0x6E58      	MOVWF       FARG_Ltrim_string 
0x05B0	0x0E00      	MOVLW       hi_addr(main_minutoString_L0)
0x05B2	0x6E59      	MOVWF       FARG_Ltrim_string+1 
0x05B4	0xDED2      	RCALL       _Ltrim
0x05B6	0xF04EC000  	MOVFF       R0, main_minutoPtr_L0
0x05BA	0xF04FC001  	MOVFF       R1, main_minutoPtr_L0+1
;HoraLCD.c,71 :: 		segundoPtr = Ltrim(segundoString);
0x05BE	0x0E45      	MOVLW       main_segundoString_L0
0x05C0	0x6E58      	MOVWF       FARG_Ltrim_string 
0x05C2	0x0E00      	MOVLW       hi_addr(main_segundoString_L0)
0x05C4	0x6E59      	MOVWF       FARG_Ltrim_string+1 
0x05C6	0xDEC9      	RCALL       _Ltrim
0x05C8	0xF050C000  	MOVFF       R0, main_segundoPtr_L0
0x05CC	0xF051C001  	MOVFF       R1, main_segundoPtr_L0+1
;HoraLCD.c,73 :: 		strcpy(horaString,horaPtr);
0x05D0	0x0E37      	MOVLW       main_horaString_L0
0x05D2	0x6E58      	MOVWF       FARG_strcpy_to 
0x05D4	0x0E00      	MOVLW       hi_addr(main_horaString_L0)
0x05D6	0x6E59      	MOVWF       FARG_strcpy_to+1 
0x05D8	0xF05AC04C  	MOVFF       main_horaPtr_L0, FARG_strcpy_from
0x05DC	0xF05BC04D  	MOVFF       main_horaPtr_L0+1, FARG_strcpy_from+1
0x05E0	0xDDD7      	RCALL       _strcpy
;HoraLCD.c,74 :: 		strcpy(minutoString,minutoPtr);
0x05E2	0x0E3E      	MOVLW       main_minutoString_L0
0x05E4	0x6E58      	MOVWF       FARG_strcpy_to 
0x05E6	0x0E00      	MOVLW       hi_addr(main_minutoString_L0)
0x05E8	0x6E59      	MOVWF       FARG_strcpy_to+1 
0x05EA	0xF05AC04E  	MOVFF       main_minutoPtr_L0, FARG_strcpy_from
0x05EE	0xF05BC04F  	MOVFF       main_minutoPtr_L0+1, FARG_strcpy_from+1
0x05F2	0xDDCE      	RCALL       _strcpy
;HoraLCD.c,75 :: 		strcpy(segundoString,segundoPtr);
0x05F4	0x0E45      	MOVLW       main_segundoString_L0
0x05F6	0x6E58      	MOVWF       FARG_strcpy_to 
0x05F8	0x0E00      	MOVLW       hi_addr(main_segundoString_L0)
0x05FA	0x6E59      	MOVWF       FARG_strcpy_to+1 
0x05FC	0xF05AC050  	MOVFF       main_segundoPtr_L0, FARG_strcpy_from
0x0600	0xF05BC051  	MOVFF       main_segundoPtr_L0+1, FARG_strcpy_from+1
0x0604	0xDDC5      	RCALL       _strcpy
;HoraLCD.c,77 :: 		strcpy(horario,"");
0x0606	0x0E2E      	MOVLW       main_horario_L0
0x0608	0x6E58      	MOVWF       FARG_strcpy_to 
0x060A	0x0E00      	MOVLW       hi_addr(main_horario_L0)
0x060C	0x6E59      	MOVWF       FARG_strcpy_to+1 
0x060E	0x0E15      	MOVLW       ?lstr2_HoraLCD
0x0610	0x6E5A      	MOVWF       FARG_strcpy_from 
0x0612	0x0E00      	MOVLW       hi_addr(?lstr2_HoraLCD)
0x0614	0x6E5B      	MOVWF       FARG_strcpy_from+1 
0x0616	0xDDBC      	RCALL       _strcpy
;HoraLCD.c,79 :: 		if(hora < 10) {
0x0618	0x0E80      	MOVLW       128
0x061A	0x1853      	XORWF       main_hora_L0+1, 0 
0x061C	0x6E00      	MOVWF       R0 
0x061E	0x0E80      	MOVLW       128
0x0620	0x5C00      	SUBWF       R0, 0 
0x0622	0xE102      	BNZ         L__main18
0x0624	0x0E0A      	MOVLW       10
0x0626	0x5C52      	SUBWF       main_hora_L0, 0 
L__main18:
0x0628	0xE209      	BC          L_main7
;HoraLCD.c,80 :: 		strcat(horario, "0");
0x062A	0x0E2E      	MOVLW       main_horario_L0
0x062C	0x6E58      	MOVWF       FARG_strcat_to 
0x062E	0x0E00      	MOVLW       hi_addr(main_horario_L0)
0x0630	0x6E59      	MOVWF       FARG_strcat_to+1 
0x0632	0x0E16      	MOVLW       ?lstr3_HoraLCD
0x0634	0x6E5A      	MOVWF       FARG_strcat_from 
0x0636	0x0E00      	MOVLW       hi_addr(?lstr3_HoraLCD)
0x0638	0x6E5B      	MOVWF       FARG_strcat_from+1 
0x063A	0xDE60      	RCALL       _strcat
;HoraLCD.c,81 :: 		}
L_main7:
;HoraLCD.c,82 :: 		strcat(horario, horaPtr);
0x063C	0x0E2E      	MOVLW       main_horario_L0
0x063E	0x6E58      	MOVWF       FARG_strcat_to 
0x0640	0x0E00      	MOVLW       hi_addr(main_horario_L0)
0x0642	0x6E59      	MOVWF       FARG_strcat_to+1 
0x0644	0xF05AC04C  	MOVFF       main_horaPtr_L0, FARG_strcat_from
0x0648	0xF05BC04D  	MOVFF       main_horaPtr_L0+1, FARG_strcat_from+1
0x064C	0xDE57      	RCALL       _strcat
;HoraLCD.c,83 :: 		strcat(horario, ":");
0x064E	0x0E2E      	MOVLW       main_horario_L0
0x0650	0x6E58      	MOVWF       FARG_strcat_to 
0x0652	0x0E00      	MOVLW       hi_addr(main_horario_L0)
0x0654	0x6E59      	MOVWF       FARG_strcat_to+1 
0x0656	0x0E25      	MOVLW       ?lstr4_HoraLCD
0x0658	0x6E5A      	MOVWF       FARG_strcat_from 
0x065A	0x0E00      	MOVLW       hi_addr(?lstr4_HoraLCD)
0x065C	0x6E5B      	MOVWF       FARG_strcat_from+1 
0x065E	0xDE4E      	RCALL       _strcat
;HoraLCD.c,85 :: 		if(minuto < 10) {
0x0660	0x0E80      	MOVLW       128
0x0662	0x1855      	XORWF       main_minuto_L0+1, 0 
0x0664	0x6E00      	MOVWF       R0 
0x0666	0x0E80      	MOVLW       128
0x0668	0x5C00      	SUBWF       R0, 0 
0x066A	0xE102      	BNZ         L__main19
0x066C	0x0E0A      	MOVLW       10
0x066E	0x5C54      	SUBWF       main_minuto_L0, 0 
L__main19:
0x0670	0xE209      	BC          L_main8
;HoraLCD.c,86 :: 		strcat(horario, "0");
0x0672	0x0E2E      	MOVLW       main_horario_L0
0x0674	0x6E58      	MOVWF       FARG_strcat_to 
0x0676	0x0E00      	MOVLW       hi_addr(main_horario_L0)
0x0678	0x6E59      	MOVWF       FARG_strcat_to+1 
0x067A	0x0E2B      	MOVLW       ?lstr5_HoraLCD
0x067C	0x6E5A      	MOVWF       FARG_strcat_from 
0x067E	0x0E00      	MOVLW       hi_addr(?lstr5_HoraLCD)
0x0680	0x6E5B      	MOVWF       FARG_strcat_from+1 
0x0682	0xDE3C      	RCALL       _strcat
;HoraLCD.c,87 :: 		}
L_main8:
;HoraLCD.c,88 :: 		strcat(horario, minutoPtr);
0x0684	0x0E2E      	MOVLW       main_horario_L0
0x0686	0x6E58      	MOVWF       FARG_strcat_to 
0x0688	0x0E00      	MOVLW       hi_addr(main_horario_L0)
0x068A	0x6E59      	MOVWF       FARG_strcat_to+1 
0x068C	0xF05AC04E  	MOVFF       main_minutoPtr_L0, FARG_strcat_from
0x0690	0xF05BC04F  	MOVFF       main_minutoPtr_L0+1, FARG_strcat_from+1
0x0694	0xDE33      	RCALL       _strcat
;HoraLCD.c,89 :: 		strcat(horario, ":");
0x0696	0x0E2E      	MOVLW       main_horario_L0
0x0698	0x6E58      	MOVWF       FARG_strcat_to 
0x069A	0x0E00      	MOVLW       hi_addr(main_horario_L0)
0x069C	0x6E59      	MOVWF       FARG_strcat_to+1 
0x069E	0x0E29      	MOVLW       ?lstr6_HoraLCD
0x06A0	0x6E5A      	MOVWF       FARG_strcat_from 
0x06A2	0x0E00      	MOVLW       hi_addr(?lstr6_HoraLCD)
0x06A4	0x6E5B      	MOVWF       FARG_strcat_from+1 
0x06A6	0xDE2A      	RCALL       _strcat
;HoraLCD.c,91 :: 		if(segundo < 10) {
0x06A8	0x0E80      	MOVLW       128
0x06AA	0x1857      	XORWF       main_segundo_L0+1, 0 
0x06AC	0x6E00      	MOVWF       R0 
0x06AE	0x0E80      	MOVLW       128
0x06B0	0x5C00      	SUBWF       R0, 0 
0x06B2	0xE102      	BNZ         L__main20
0x06B4	0x0E0A      	MOVLW       10
0x06B6	0x5C56      	SUBWF       main_segundo_L0, 0 
L__main20:
0x06B8	0xE209      	BC          L_main9
;HoraLCD.c,92 :: 		strcat(horario, "0");
0x06BA	0x0E2E      	MOVLW       main_horario_L0
0x06BC	0x6E58      	MOVWF       FARG_strcat_to 
0x06BE	0x0E00      	MOVLW       hi_addr(main_horario_L0)
0x06C0	0x6E59      	MOVWF       FARG_strcat_to+1 
0x06C2	0x0E27      	MOVLW       ?lstr7_HoraLCD
0x06C4	0x6E5A      	MOVWF       FARG_strcat_from 
0x06C6	0x0E00      	MOVLW       hi_addr(?lstr7_HoraLCD)
0x06C8	0x6E5B      	MOVWF       FARG_strcat_from+1 
0x06CA	0xDE18      	RCALL       _strcat
;HoraLCD.c,93 :: 		}
L_main9:
;HoraLCD.c,94 :: 		strcat(horario, segundoPtr);
0x06CC	0x0E2E      	MOVLW       main_horario_L0
0x06CE	0x6E58      	MOVWF       FARG_strcat_to 
0x06D0	0x0E00      	MOVLW       hi_addr(main_horario_L0)
0x06D2	0x6E59      	MOVWF       FARG_strcat_to+1 
0x06D4	0xF05AC050  	MOVFF       main_segundoPtr_L0, FARG_strcat_from
0x06D8	0xF05BC051  	MOVFF       main_segundoPtr_L0+1, FARG_strcat_from+1
0x06DC	0xDE0F      	RCALL       _strcat
;HoraLCD.c,97 :: 		Lcd_Cmd(_LCD_CLEAR);
0x06DE	0x0E01      	MOVLW       1
0x06E0	0x6E69      	MOVWF       FARG_Lcd_Cmd_out_char 
0x06E2	0xDCAF      	RCALL       _Lcd_Cmd
;HoraLCD.c,98 :: 		Lcd_Out(1,4,horario);
0x06E4	0x0E01      	MOVLW       1
0x06E6	0x6E58      	MOVWF       FARG_Lcd_Out_row 
0x06E8	0x0E04      	MOVLW       4
0x06EA	0x6E59      	MOVWF       FARG_Lcd_Out_column 
0x06EC	0x0E2E      	MOVLW       main_horario_L0
0x06EE	0x6E5A      	MOVWF       FARG_Lcd_Out_text 
0x06F0	0x0E00      	MOVLW       hi_addr(main_horario_L0)
0x06F2	0x6E5B      	MOVWF       FARG_Lcd_Out_text+1 
0x06F4	0xDD73      	RCALL       _Lcd_Out
;HoraLCD.c,100 :: 		segundo = segundo + 1;
0x06F6	0x4A56      	INFSNZ      main_segundo_L0, 1 
0x06F8	0x2A57      	INCF        main_segundo_L0+1, 1 
;HoraLCD.c,102 :: 		if(segundo > 59) {
0x06FA	0x0E80      	MOVLW       128
0x06FC	0x6E00      	MOVWF       R0 
0x06FE	0x0E80      	MOVLW       128
0x0700	0x1857      	XORWF       main_segundo_L0+1, 0 
0x0702	0x5C00      	SUBWF       R0, 0 
0x0704	0xE102      	BNZ         L__main21
0x0706	0x5056      	MOVF        main_segundo_L0, 0 
0x0708	0x083B      	SUBLW       59
L__main21:
0x070A	0xE204      	BC          L_main10
;HoraLCD.c,103 :: 		segundo = 0;
0x070C	0x6A56      	CLRF        main_segundo_L0 
0x070E	0x6A57      	CLRF        main_segundo_L0+1 
;HoraLCD.c,104 :: 		minuto = minuto + 1;
0x0710	0x4A54      	INFSNZ      main_minuto_L0, 1 
0x0712	0x2A55      	INCF        main_minuto_L0+1, 1 
;HoraLCD.c,105 :: 		}
L_main10:
;HoraLCD.c,107 :: 		if(minuto > 59) {
0x0714	0x0E80      	MOVLW       128
0x0716	0x6E00      	MOVWF       R0 
0x0718	0x0E80      	MOVLW       128
0x071A	0x1855      	XORWF       main_minuto_L0+1, 0 
0x071C	0x5C00      	SUBWF       R0, 0 
0x071E	0xE102      	BNZ         L__main22
0x0720	0x5054      	MOVF        main_minuto_L0, 0 
0x0722	0x083B      	SUBLW       59
L__main22:
0x0724	0xE204      	BC          L_main11
;HoraLCD.c,108 :: 		minuto = 0;
0x0726	0x6A54      	CLRF        main_minuto_L0 
0x0728	0x6A55      	CLRF        main_minuto_L0+1 
;HoraLCD.c,109 :: 		hora = hora + 1;
0x072A	0x4A52      	INFSNZ      main_hora_L0, 1 
0x072C	0x2A53      	INCF        main_hora_L0+1, 1 
;HoraLCD.c,110 :: 		}
L_main11:
;HoraLCD.c,111 :: 		if(hora > 23) {
0x072E	0x0E80      	MOVLW       128
0x0730	0x6E00      	MOVWF       R0 
0x0732	0x0E80      	MOVLW       128
0x0734	0x1853      	XORWF       main_hora_L0+1, 0 
0x0736	0x5C00      	SUBWF       R0, 0 
0x0738	0xE102      	BNZ         L__main23
0x073A	0x5052      	MOVF        main_hora_L0, 0 
0x073C	0x0817      	SUBLW       23
L__main23:
0x073E	0xE202      	BC          L_main12
;HoraLCD.c,112 :: 		hora = 0;
0x0740	0x6A52      	CLRF        main_hora_L0 
0x0742	0x6A53      	CLRF        main_hora_L0+1 
;HoraLCD.c,113 :: 		}
L_main12:
;HoraLCD.c,117 :: 		if(portb.rb0 == 1) {
0x0744	0xA081      	BTFSS       PORTB, 0 
0x0746	0xD00F      	BRA         L_main13
;HoraLCD.c,118 :: 		delay_ms(1000);
0x0748	0x0E0B      	MOVLW       11
0x074A	0x6E0B      	MOVWF       R11, 0
0x074C	0x0E26      	MOVLW       38
0x074E	0x6E0C      	MOVWF       R12, 0
0x0750	0x0E5D      	MOVLW       93
0x0752	0x6E0D      	MOVWF       R13, 0
L_main14:
0x0754	0x2E0D      	DECFSZ      R13, 1, 0
0x0756	0xD7FE      	BRA         L_main14
0x0758	0x2E0C      	DECFSZ      R12, 1, 0
0x075A	0xD7FC      	BRA         L_main14
0x075C	0x2E0B      	DECFSZ      R11, 1, 0
0x075E	0xD7FA      	BRA         L_main14
0x0760	0x0000      	NOP
0x0762	0x0000      	NOP
;HoraLCD.c,119 :: 		}
0x0764	0xD009      	BRA         L_main15
L_main13:
;HoraLCD.c,121 :: 		delay_ms(10);
0x0766	0x0E1A      	MOVLW       26
0x0768	0x6E0C      	MOVWF       R12, 0
0x076A	0x0EF8      	MOVLW       248
0x076C	0x6E0D      	MOVWF       R13, 0
L_main16:
0x076E	0x2E0D      	DECFSZ      R13, 1, 0
0x0770	0xD7FE      	BRA         L_main16
0x0772	0x2E0C      	DECFSZ      R12, 1, 0
0x0774	0xD7FC      	BRA         L_main16
0x0776	0x0000      	NOP
;HoraLCD.c,122 :: 		}
L_main15:
;HoraLCD.c,124 :: 		}
0x0778	0xD6F5      	BRA         L_main5
;HoraLCD.c,127 :: 		}
L_end_main:
0x077A	0xD7FF      	BRA         $+0
; end of _main
0x0794	0xF015EE10  	LFSR        1, 21
0x0798	0x0E18      	MOVLW       24
0x079A	0x6E00      	MOVWF       R0 
0x079C	0x0E01      	MOVLW       1
0x079E	0x6E01      	MOVWF       R1 
0x07A0	0x0E7C      	MOVLW       124
0x07A2	0x6EF6      	MOVWF       4086 
0x07A4	0x0E07      	MOVLW       7
0x07A6	0x6EF7      	MOVWF       TBLPTRH 
0x07A8	0x0E00      	MOVLW       0
0x07AA	0x6EF8      	MOVWF       TBLPTRU 
0x07AC	0xF001EC76  	CALL        748, 0
0x07B0	0x0012      	RETURN      0
;HoraLCD.c,0 :: ?ICS?lstr2_HoraLCD
0x077C	0x00 ;?ICS?lstr2_HoraLCD+0
; end of ?ICS?lstr2_HoraLCD
;HoraLCD.c,0 :: ?ICS?lstr3_HoraLCD
0x077D	0x0030 ;?ICS?lstr3_HoraLCD+0
; end of ?ICS?lstr3_HoraLCD
;HoraLCD.c,0 :: ?ICS?lstr1_HoraLCD
0x077F	0x434C ;?ICS?lstr1_HoraLCD+0
0x0781	0x2044 ;?ICS?lstr1_HoraLCD+2
0x0783	0x7250 ;?ICS?lstr1_HoraLCD+4
0x0785	0x6E6F ;?ICS?lstr1_HoraLCD+6
0x0787	0x6F74 ;?ICS?lstr1_HoraLCD+8
0x0789	0x2121 ;?ICS?lstr1_HoraLCD+10
0x078B	0x00 ;?ICS?lstr1_HoraLCD+12
; end of ?ICS?lstr1_HoraLCD
;HoraLCD.c,0 :: ?ICS?lstr4_HoraLCD
0x078C	0x003A ;?ICS?lstr4_HoraLCD+0
; end of ?ICS?lstr4_HoraLCD
;HoraLCD.c,0 :: ?ICS?lstr7_HoraLCD
0x078E	0x0030 ;?ICS?lstr7_HoraLCD+0
; end of ?ICS?lstr7_HoraLCD
;HoraLCD.c,0 :: ?ICS?lstr6_HoraLCD
0x0790	0x003A ;?ICS?lstr6_HoraLCD+0
; end of ?ICS?lstr6_HoraLCD
;HoraLCD.c,0 :: ?ICS?lstr5_HoraLCD
0x0792	0x0030 ;?ICS?lstr5_HoraLCD+0
; end of ?ICS?lstr5_HoraLCD
Symbol List:
//** Routines locations **
//ADDRESS    SIZE    PROCEDURE
//----------------------------------------------
0x001C      [10]    _Delay_50us
0x0026      [22]    _Delay_5500us
0x003C       [6]    _Delay_1us
0x0042     [124]    _Lcd_Cmd
0x00BE      [54]    _Div_16X16_U
0x00F4     [144]    _WordToStr
0x0184      [12]    _Lcd_Chr_CP
0x0190      [76]    _strcpy
0x01DC     [122]    _Lcd_Out
0x0256     [150]    _Lcd_Init
0x02EC      [16]    ___CC2DW
0x02FC      [94]    _strcat
0x035A     [110]    _Ltrim
0x03C8     [216]    _IntToStr
0x04A0     [732]    _main
//** Variables locations ** 
//ADDRESS    SIZE    VARIABLE
//----------------------------------------------
0x0000       [1]    __Lib_SoftI2C_PutZerosToLATSda_temp_sda_L0
0x0000       [1]    FLASH_Erase_64_SaveINTCON_L0
0x0000       [1]    __Lib_SoftI2C_PutZerosToLATScl_temp_scl_L0
0x0000       [1]    SPI1_Write_tmp_L0
0x0000       [1]    EEPROM_Write_SaveINTCON_L0
0x0000       [1]    R0
0x0000       [1]    UART1_Init_tmp_L0
0x0001       [1]    FLASH_Write_8_i_L0
0x0001       [1]    FLASH_Erase_Write_64_i_L0
0x0001       [1]    ispunct_rslt_L0
0x0001       [1]    __Lib_TFT_JPEG_FileReadBytes_Result_L0
0x0001       [1]    __Lib_PS2_Wait_Falling_nsample_L0
0x0001       [1]    R1
0x0001       [1]    __Lib_TFT_JPEG_FileRead_i_L0
0x0001       [2]    FLASH_Read_N_Bytes_i_L0
0x0001       [1]    UART1_Read___tmp_UART1_Read_L0
0x0001       [1]    __Lib_TFT_16bit_JPEG_FileReadBytes_Result_L0
0x0001       [1]    __Lib_TFT_16bit_JPEG_FileRead_i_L0
0x0002       [1]    R2
0x0002       [2]    memcpy_dd_L0
0x0002       [1]    FLASH_Erase_Write_64_j_L0
0x0002       [1]    FLASH_Write_8_SaveINTCON_L0
0x0002       [2]    memchr_s_L0
0x0002       [2]    memset_pp_L0
0x0002       [2]    strlen_cp_L0
0x0003       [1]    MM_Init_i_L0
0x0003       [2]    memmove_tt_L0
0x0003       [1]    R3
0x0003       [2]    Ltrim_original_L0
0x0003       [2]    __Lib_MmcFat16_f16_toInt_l_L0
0x0003       [2]    MM_TotalFreeMemSize_Tot_L0
0x0003       [1]    __Lib_Sprinti_?FLOC____Lib_Sprinti_Do_FillT29
0x0003       [1]    FLASH_Erase_Write_64_SaveINTCON_L0
0x0004       [2]    strncpy_cp_L0
0x0004       [2]    strcpy_cp_L0
0x0004       [2]    __Lib_MemManager_MM_GetMemAlign_P_L0
0x0004       [2]    strncat_cp_L0
0x0004       [1]    __Lib_Sprinti_?FLOC____Lib_Sprinti_Do_FillT40
0x0004       [2]    memcpy_ss_L0
0x0004       [2]    frexp_pom_L0
0x0004       [2]    strcat_cp_L0
0x0004       [1]    R4
0x0005       [1]    R5
0x0005       [2]    memmove_ff_L0
0x0005       [2]    LongWordToHex_input_half_L0
0x0005       [1]    __Lib_Sprinti_?FLOC____Lib_Sprinti_Do_FillT54
0x0005       [1]    MM_TotalFreeMemSize_i_L0
0x0005       [2]    Ltrim_p_L0
0x0005       [2]    LongIntToHex_input_half_L0
0x0006       [1]    __Lib_Sprinti_?FLOC____Lib_Sprinti_Do_FillT69
0x0006       [1]    R6
0x0006       [1]    __Lib_MemManager_MM_GetMemAlign_i_L0
0x0007       [1]    __Lib_TFT_16bit_JPEG_GenerateHuffmanTables_bLength_L0
0x0007       [1]    __Lib_TFT_JPEG_GenerateHuffmanTables_bLength_L0
0x0007       [1]    R7
0x0008       [1]    __Lib_TFT_JPEG_GenerateHuffmanTables_bTable_L0
0x0008       [1]    R8
0x0008       [1]    __Lib_TFT_16bit_JPEG_GenerateHuffmanTables_bTable_L0
0x0009       [1]    R9
0x0009       [4]    __Lib_MmcFat16_f16_toLong_l_L0
0x000A       [1]    R10
0x000B       [1]    R11
0x000C       [1]    R12
0x000D       [1]    R13
0x000E       [1]    R14
0x000F       [1]    R15
0x0010       [1]    R16
0x0011       [1]    R17
0x0012       [1]    R18
0x0013       [1]    R19
0x0014       [1]    R20
0x0015       [1]    ?lstr2_HoraLCD
0x0016       [2]    ?lstr3_HoraLCD
0x0018      [13]    ?lstr1_HoraLCD
0x0025       [2]    ?lstr4_HoraLCD
0x0027       [2]    ?lstr7_HoraLCD
0x0029       [2]    ?lstr6_HoraLCD
0x002B       [2]    ?lstr5_HoraLCD
0x002D       [0]    __Lib_Lcd_cmd_status
0x002E       [9]    main_horario_L0
0x0037       [7]    main_horaString_L0
0x003E       [7]    main_minutoString_L0
0x0045       [7]    main_segundoString_L0
0x004C       [2]    main_horaPtr_L0
0x004E       [2]    main_minutoPtr_L0
0x0050       [2]    main_segundoPtr_L0
0x0052       [2]    main_hora_L0
0x0054       [2]    main_minuto_L0
0x0056       [2]    main_segundo_L0
0x0058       [2]    FARG_IntToStr_input
0x0058       [1]    FARG_Lcd_Out_row
0x0058       [2]    FARG_strcat_to
0x0058       [2]    FARG_Ltrim_string
0x0058       [2]    FARG_strcpy_to
0x0059       [1]    FARG_Lcd_Out_column
0x005A       [2]    Ltrim_trimmed_L0
0x005A       [2]    FARG_Lcd_Out_text
0x005A       [2]    FARG_IntToStr_output
0x005A       [2]    FARG_strcpy_from
0x005A       [2]    FARG_strcat_from
0x005C       [1]    Lcd_Out_i_L0
0x005C       [2]    IntToStr_i_L0
0x005E       [2]    IntToStr_negative_L0
0x0060       [2]    IntToStr_inword_L0
0x0062       [1]    FARG_Lcd_Chr_CP_out_char
0x0062       [2]    FARG_WordToStr_input
0x0064       [2]    FARG_WordToStr_output
0x0066       [1]    WordToStr_len_L0
0x0067       [2]    FLOC__WordToStr
0x0069       [1]    FARG_Lcd_Cmd_out_char
0x0F81       [1]    PORTB
0x0F83       [0]    RD6_bit
0x0F83       [0]    RD5_bit
0x0F83       [0]    RD4_bit
0x0F83       [0]    RD7_bit
0x0F83       [0]    LCD_D4
0x0F83       [0]    LCD_D5
0x0F83       [0]    LCD_D7
0x0F83       [0]    LCD_D6
0x0F84       [0]    LCD_RS
0x0F84       [0]    RE1_bit
0x0F84       [0]    LCD_EN
0x0F84       [0]    RE2_bit
0x0F93       [1]    TRISB
0x0F95       [0]    LCD_D7_Direction
0x0F95       [0]    LCD_D5_Direction
0x0F95       [0]    LCD_D4_Direction
0x0F95       [0]    LCD_D6_Direction
0x0F95       [0]    TRISD6_bit
0x0F95       [0]    TRISD7_bit
0x0F95       [0]    TRISD4_bit
0x0F95       [0]    TRISD5_bit
0x0F96       [0]    LCD_RS_Direction
0x0F96       [0]    LCD_EN_Direction
0x0F96       [0]    TRISE2_bit
0x0F96       [0]    TRISE1_bit
0x0FC1       [1]    ADCON1
0x0FC2       [1]    ADCON0
0x0FD8       [1]    STATUS
0x0FD9       [1]    FSR2L
0x0FDA       [1]    FSR2H
0x0FDE       [1]    POSTINC2
0x0FE0       [1]    BSR
0x0FE1       [1]    FSR1L
0x0FE2       [1]    FSR1H
0x0FE4       [1]    PREINC1
0x0FE6       [1]    POSTINC1
0x0FE7       [1]    INDF1
0x0FE8       [1]    WREG
0x0FE9       [1]    FSR0L
0x0FEA       [1]    FSR0H
0x0FEE       [1]    POSTINC0
0x0FF3       [1]    PRODL
0x0FF4       [1]    PRODH
0x0FF5       [1]    TABLAT
0x0FF6       [1]    TBLPTRL
0x0FF7       [1]    TBLPTRH
0x0FF8       [1]    TBLPTRU
//** Constants locations ** 
//ADDRESS    SIZE    CONSTANT
//----------------------------------------------
0x077C       [1]    ?ICS?lstr2_HoraLCD
0x077D       [2]    ?ICS?lstr3_HoraLCD
0x077F      [13]    ?ICS?lstr1_HoraLCD
0x078C       [2]    ?ICS?lstr4_HoraLCD
0x078E       [2]    ?ICS?lstr7_HoraLCD
0x0790       [2]    ?ICS?lstr6_HoraLCD
0x0792       [2]    ?ICS?lstr5_HoraLCD
