;  LST file generated by mikroListExporter - v.2.0 
; Date/Time: 02/04/2025 11:04:19
;----------------------------------------------

;Address Opcode 	ASM
0x0000	0xF002EF15  	GOTO        1066
0x0004	0x0000      	NOP
0x0006	0x0000      	NOP
0x0008	0xF000EF00  	GOTO        0
0x000C	0x0000      	NOP
0x000E	0x0000      	NOP
0x0010	0x0000      	NOP
0x0012	0x0000      	NOP
0x0014	0x0000      	NOP
0x0016	0x0000      	NOP
0x0018	0xD7F3      	BRA         0
_morseTraco:
;MorseCode.c,21 :: 		void morseTraco() { //Ligam os leds durande 0.6s
;MorseCode.c,22 :: 		portd = 0b11111111;
0x001C	0x0EFF      	MOVLW       255
0x001E	0x6E83      	MOVWF       PORTD 
;MorseCode.c,23 :: 		delay_ms(600);
0x0020	0x0E07      	MOVLW       7
0x0022	0x6E0B      	MOVWF       R11, 0
0x0024	0x0E17      	MOVLW       23
0x0026	0x6E0C      	MOVWF       R12, 0
0x0028	0x0E6A      	MOVLW       106
0x002A	0x6E0D      	MOVWF       R13, 0
L_morseTraco1:
0x002C	0x2E0D      	DECFSZ      R13, 1, 0
0x002E	0xD7FE      	BRA         L_morseTraco1
0x0030	0x2E0C      	DECFSZ      R12, 1, 0
0x0032	0xD7FC      	BRA         L_morseTraco1
0x0034	0x2E0B      	DECFSZ      R11, 1, 0
0x0036	0xD7FA      	BRA         L_morseTraco1
0x0038	0x0000      	NOP
;MorseCode.c,24 :: 		portd = 0b00000000;
0x003A	0x6A83      	CLRF        PORTD 
;MorseCode.c,25 :: 		}
L_end_morseTraco:
0x003C	0x0012      	RETURN      0
; end of _morseTraco
_morsePonto:
;MorseCode.c,16 :: 		void morsePonto() { //Ligam os leds durande 0.2s
;MorseCode.c,17 :: 		portd = 0b11111111;
0x003E	0x0EFF      	MOVLW       255
0x0040	0x6E83      	MOVWF       PORTD 
;MorseCode.c,18 :: 		delay_ms(200);
0x0042	0x0E03      	MOVLW       3
0x0044	0x6E0B      	MOVWF       R11, 0
0x0046	0x0E08      	MOVLW       8
0x0048	0x6E0C      	MOVWF       R12, 0
0x004A	0x0E77      	MOVLW       119
0x004C	0x6E0D      	MOVWF       R13, 0
L_morsePonto0:
0x004E	0x2E0D      	DECFSZ      R13, 1, 0
0x0050	0xD7FE      	BRA         L_morsePonto0
0x0052	0x2E0C      	DECFSZ      R12, 1, 0
0x0054	0xD7FC      	BRA         L_morsePonto0
0x0056	0x2E0B      	DECFSZ      R11, 1, 0
0x0058	0xD7FA      	BRA         L_morsePonto0
;MorseCode.c,19 :: 		portd = 0b00000000;
0x005A	0x6A83      	CLRF        PORTD 
;MorseCode.c,20 :: 		}
L_end_morsePonto:
0x005C	0x0012      	RETURN      0
; end of _morsePonto
_morse0:
;MorseCode.c,76 :: 		void morse0 () {  // Codifica o numero "0" em codigo morse
;MorseCode.c,77 :: 		morseTraco();
0x005E	0xDFDE      	RCALL       _morseTraco
;MorseCode.c,78 :: 		delay_ms(900);
0x0060	0x0E0A      	MOVLW       10
0x0062	0x6E0B      	MOVWF       R11, 0
0x0064	0x0E22      	MOVLW       34
0x0066	0x6E0C      	MOVWF       R12, 0
0x0068	0x0EA1      	MOVLW       161
0x006A	0x6E0D      	MOVWF       R13, 0
L_morse022:
0x006C	0x2E0D      	DECFSZ      R13, 1, 0
0x006E	0xD7FE      	BRA         L_morse022
0x0070	0x2E0C      	DECFSZ      R12, 1, 0
0x0072	0xD7FC      	BRA         L_morse022
0x0074	0x2E0B      	DECFSZ      R11, 1, 0
0x0076	0xD7FA      	BRA         L_morse022
;MorseCode.c,79 :: 		morseTraco();
0x0078	0xDFD1      	RCALL       _morseTraco
;MorseCode.c,80 :: 		delay_ms(900);
0x007A	0x0E0A      	MOVLW       10
0x007C	0x6E0B      	MOVWF       R11, 0
0x007E	0x0E22      	MOVLW       34
0x0080	0x6E0C      	MOVWF       R12, 0
0x0082	0x0EA1      	MOVLW       161
0x0084	0x6E0D      	MOVWF       R13, 0
L_morse023:
0x0086	0x2E0D      	DECFSZ      R13, 1, 0
0x0088	0xD7FE      	BRA         L_morse023
0x008A	0x2E0C      	DECFSZ      R12, 1, 0
0x008C	0xD7FC      	BRA         L_morse023
0x008E	0x2E0B      	DECFSZ      R11, 1, 0
0x0090	0xD7FA      	BRA         L_morse023
;MorseCode.c,81 :: 		morseTraco();
0x0092	0xDFC4      	RCALL       _morseTraco
;MorseCode.c,82 :: 		delay_ms(900);
0x0094	0x0E0A      	MOVLW       10
0x0096	0x6E0B      	MOVWF       R11, 0
0x0098	0x0E22      	MOVLW       34
0x009A	0x6E0C      	MOVWF       R12, 0
0x009C	0x0EA1      	MOVLW       161
0x009E	0x6E0D      	MOVWF       R13, 0
L_morse024:
0x00A0	0x2E0D      	DECFSZ      R13, 1, 0
0x00A2	0xD7FE      	BRA         L_morse024
0x00A4	0x2E0C      	DECFSZ      R12, 1, 0
0x00A6	0xD7FC      	BRA         L_morse024
0x00A8	0x2E0B      	DECFSZ      R11, 1, 0
0x00AA	0xD7FA      	BRA         L_morse024
;MorseCode.c,83 :: 		morseTraco();
0x00AC	0xDFB7      	RCALL       _morseTraco
;MorseCode.c,84 :: 		delay_ms(900);
0x00AE	0x0E0A      	MOVLW       10
0x00B0	0x6E0B      	MOVWF       R11, 0
0x00B2	0x0E22      	MOVLW       34
0x00B4	0x6E0C      	MOVWF       R12, 0
0x00B6	0x0EA1      	MOVLW       161
0x00B8	0x6E0D      	MOVWF       R13, 0
L_morse025:
0x00BA	0x2E0D      	DECFSZ      R13, 1, 0
0x00BC	0xD7FE      	BRA         L_morse025
0x00BE	0x2E0C      	DECFSZ      R12, 1, 0
0x00C0	0xD7FC      	BRA         L_morse025
0x00C2	0x2E0B      	DECFSZ      R11, 1, 0
0x00C4	0xD7FA      	BRA         L_morse025
;MorseCode.c,85 :: 		morseTraco();
0x00C6	0xDFAA      	RCALL       _morseTraco
;MorseCode.c,86 :: 		delay_ms(900);
0x00C8	0x0E0A      	MOVLW       10
0x00CA	0x6E0B      	MOVWF       R11, 0
0x00CC	0x0E22      	MOVLW       34
0x00CE	0x6E0C      	MOVWF       R12, 0
0x00D0	0x0EA1      	MOVLW       161
0x00D2	0x6E0D      	MOVWF       R13, 0
L_morse026:
0x00D4	0x2E0D      	DECFSZ      R13, 1, 0
0x00D6	0xD7FE      	BRA         L_morse026
0x00D8	0x2E0C      	DECFSZ      R12, 1, 0
0x00DA	0xD7FC      	BRA         L_morse026
0x00DC	0x2E0B      	DECFSZ      R11, 1, 0
0x00DE	0xD7FA      	BRA         L_morse026
;MorseCode.c,87 :: 		}
L_end_morse0:
0x00E0	0x0012      	RETURN      0
; end of _morse0
_morseB:
;MorseCode.c,54 :: 		void morseB () {  // Codifica a letra "B" em codigo morse
;MorseCode.c,55 :: 		morseTraco();
0x00E2	0xDF9C      	RCALL       _morseTraco
;MorseCode.c,56 :: 		delay_ms(900);
0x00E4	0x0E0A      	MOVLW       10
0x00E6	0x6E0B      	MOVWF       R11, 0
0x00E8	0x0E22      	MOVLW       34
0x00EA	0x6E0C      	MOVWF       R12, 0
0x00EC	0x0EA1      	MOVLW       161
0x00EE	0x6E0D      	MOVWF       R13, 0
L_morseB13:
0x00F0	0x2E0D      	DECFSZ      R13, 1, 0
0x00F2	0xD7FE      	BRA         L_morseB13
0x00F4	0x2E0C      	DECFSZ      R12, 1, 0
0x00F6	0xD7FC      	BRA         L_morseB13
0x00F8	0x2E0B      	DECFSZ      R11, 1, 0
0x00FA	0xD7FA      	BRA         L_morseB13
;MorseCode.c,57 :: 		morsePonto();
0x00FC	0xDFA0      	RCALL       _morsePonto
;MorseCode.c,58 :: 		delay_ms(900);
0x00FE	0x0E0A      	MOVLW       10
0x0100	0x6E0B      	MOVWF       R11, 0
0x0102	0x0E22      	MOVLW       34
0x0104	0x6E0C      	MOVWF       R12, 0
0x0106	0x0EA1      	MOVLW       161
0x0108	0x6E0D      	MOVWF       R13, 0
L_morseB14:
0x010A	0x2E0D      	DECFSZ      R13, 1, 0
0x010C	0xD7FE      	BRA         L_morseB14
0x010E	0x2E0C      	DECFSZ      R12, 1, 0
0x0110	0xD7FC      	BRA         L_morseB14
0x0112	0x2E0B      	DECFSZ      R11, 1, 0
0x0114	0xD7FA      	BRA         L_morseB14
;MorseCode.c,59 :: 		morsePonto();
0x0116	0xDF93      	RCALL       _morsePonto
;MorseCode.c,60 :: 		delay_ms(900);
0x0118	0x0E0A      	MOVLW       10
0x011A	0x6E0B      	MOVWF       R11, 0
0x011C	0x0E22      	MOVLW       34
0x011E	0x6E0C      	MOVWF       R12, 0
0x0120	0x0EA1      	MOVLW       161
0x0122	0x6E0D      	MOVWF       R13, 0
L_morseB15:
0x0124	0x2E0D      	DECFSZ      R13, 1, 0
0x0126	0xD7FE      	BRA         L_morseB15
0x0128	0x2E0C      	DECFSZ      R12, 1, 0
0x012A	0xD7FC      	BRA         L_morseB15
0x012C	0x2E0B      	DECFSZ      R11, 1, 0
0x012E	0xD7FA      	BRA         L_morseB15
;MorseCode.c,61 :: 		morsePonto();
0x0130	0xDF86      	RCALL       _morsePonto
;MorseCode.c,62 :: 		delay_ms(900);
0x0132	0x0E0A      	MOVLW       10
0x0134	0x6E0B      	MOVWF       R11, 0
0x0136	0x0E22      	MOVLW       34
0x0138	0x6E0C      	MOVWF       R12, 0
0x013A	0x0EA1      	MOVLW       161
0x013C	0x6E0D      	MOVWF       R13, 0
L_morseB16:
0x013E	0x2E0D      	DECFSZ      R13, 1, 0
0x0140	0xD7FE      	BRA         L_morseB16
0x0142	0x2E0C      	DECFSZ      R12, 1, 0
0x0144	0xD7FC      	BRA         L_morseB16
0x0146	0x2E0B      	DECFSZ      R11, 1, 0
0x0148	0xD7FA      	BRA         L_morseB16
;MorseCode.c,63 :: 		}
L_end_morseB:
0x014A	0x0012      	RETURN      0
; end of _morseB
_morse2:
;MorseCode.c,64 :: 		void morse2 () {  // Codifica o numero "2" em codigo morse
;MorseCode.c,65 :: 		morsePonto();
0x014C	0xDF78      	RCALL       _morsePonto
;MorseCode.c,66 :: 		delay_ms(900);
0x014E	0x0E0A      	MOVLW       10
0x0150	0x6E0B      	MOVWF       R11, 0
0x0152	0x0E22      	MOVLW       34
0x0154	0x6E0C      	MOVWF       R12, 0
0x0156	0x0EA1      	MOVLW       161
0x0158	0x6E0D      	MOVWF       R13, 0
L_morse217:
0x015A	0x2E0D      	DECFSZ      R13, 1, 0
0x015C	0xD7FE      	BRA         L_morse217
0x015E	0x2E0C      	DECFSZ      R12, 1, 0
0x0160	0xD7FC      	BRA         L_morse217
0x0162	0x2E0B      	DECFSZ      R11, 1, 0
0x0164	0xD7FA      	BRA         L_morse217
;MorseCode.c,67 :: 		morsePonto();
0x0166	0xDF6B      	RCALL       _morsePonto
;MorseCode.c,68 :: 		delay_ms(900);
0x0168	0x0E0A      	MOVLW       10
0x016A	0x6E0B      	MOVWF       R11, 0
0x016C	0x0E22      	MOVLW       34
0x016E	0x6E0C      	MOVWF       R12, 0
0x0170	0x0EA1      	MOVLW       161
0x0172	0x6E0D      	MOVWF       R13, 0
L_morse218:
0x0174	0x2E0D      	DECFSZ      R13, 1, 0
0x0176	0xD7FE      	BRA         L_morse218
0x0178	0x2E0C      	DECFSZ      R12, 1, 0
0x017A	0xD7FC      	BRA         L_morse218
0x017C	0x2E0B      	DECFSZ      R11, 1, 0
0x017E	0xD7FA      	BRA         L_morse218
;MorseCode.c,69 :: 		morseTraco();
0x0180	0xDF4D      	RCALL       _morseTraco
;MorseCode.c,70 :: 		delay_ms(900);
0x0182	0x0E0A      	MOVLW       10
0x0184	0x6E0B      	MOVWF       R11, 0
0x0186	0x0E22      	MOVLW       34
0x0188	0x6E0C      	MOVWF       R12, 0
0x018A	0x0EA1      	MOVLW       161
0x018C	0x6E0D      	MOVWF       R13, 0
L_morse219:
0x018E	0x2E0D      	DECFSZ      R13, 1, 0
0x0190	0xD7FE      	BRA         L_morse219
0x0192	0x2E0C      	DECFSZ      R12, 1, 0
0x0194	0xD7FC      	BRA         L_morse219
0x0196	0x2E0B      	DECFSZ      R11, 1, 0
0x0198	0xD7FA      	BRA         L_morse219
;MorseCode.c,71 :: 		morseTraco();
0x019A	0xDF40      	RCALL       _morseTraco
;MorseCode.c,72 :: 		delay_ms(900);
0x019C	0x0E0A      	MOVLW       10
0x019E	0x6E0B      	MOVWF       R11, 0
0x01A0	0x0E22      	MOVLW       34
0x01A2	0x6E0C      	MOVWF       R12, 0
0x01A4	0x0EA1      	MOVLW       161
0x01A6	0x6E0D      	MOVWF       R13, 0
L_morse220:
0x01A8	0x2E0D      	DECFSZ      R13, 1, 0
0x01AA	0xD7FE      	BRA         L_morse220
0x01AC	0x2E0C      	DECFSZ      R12, 1, 0
0x01AE	0xD7FC      	BRA         L_morse220
0x01B0	0x2E0B      	DECFSZ      R11, 1, 0
0x01B2	0xD7FA      	BRA         L_morse220
;MorseCode.c,73 :: 		morseTraco();
0x01B4	0xDF33      	RCALL       _morseTraco
;MorseCode.c,74 :: 		delay_ms(900);
0x01B6	0x0E0A      	MOVLW       10
0x01B8	0x6E0B      	MOVWF       R11, 0
0x01BA	0x0E22      	MOVLW       34
0x01BC	0x6E0C      	MOVWF       R12, 0
0x01BE	0x0EA1      	MOVLW       161
0x01C0	0x6E0D      	MOVWF       R13, 0
L_morse221:
0x01C2	0x2E0D      	DECFSZ      R13, 1, 0
0x01C4	0xD7FE      	BRA         L_morse221
0x01C6	0x2E0C      	DECFSZ      R12, 1, 0
0x01C8	0xD7FC      	BRA         L_morse221
0x01CA	0x2E0B      	DECFSZ      R11, 1, 0
0x01CC	0xD7FA      	BRA         L_morse221
;MorseCode.c,75 :: 		}
L_end_morse2:
0x01CE	0x0012      	RETURN      0
; end of _morse2
_morse3:
;MorseCode.c,100 :: 		void morse3 () {  // Codifica o numero "3" em codigo morse
;MorseCode.c,101 :: 		morsePonto();
0x01D0	0xDF36      	RCALL       _morsePonto
;MorseCode.c,102 :: 		delay_ms(900);
0x01D2	0x0E0A      	MOVLW       10
0x01D4	0x6E0B      	MOVWF       R11, 0
0x01D6	0x0E22      	MOVLW       34
0x01D8	0x6E0C      	MOVWF       R12, 0
0x01DA	0x0EA1      	MOVLW       161
0x01DC	0x6E0D      	MOVWF       R13, 0
L_morse332:
0x01DE	0x2E0D      	DECFSZ      R13, 1, 0
0x01E0	0xD7FE      	BRA         L_morse332
0x01E2	0x2E0C      	DECFSZ      R12, 1, 0
0x01E4	0xD7FC      	BRA         L_morse332
0x01E6	0x2E0B      	DECFSZ      R11, 1, 0
0x01E8	0xD7FA      	BRA         L_morse332
;MorseCode.c,103 :: 		morsePonto();
0x01EA	0xDF29      	RCALL       _morsePonto
;MorseCode.c,104 :: 		delay_ms(900);
0x01EC	0x0E0A      	MOVLW       10
0x01EE	0x6E0B      	MOVWF       R11, 0
0x01F0	0x0E22      	MOVLW       34
0x01F2	0x6E0C      	MOVWF       R12, 0
0x01F4	0x0EA1      	MOVLW       161
0x01F6	0x6E0D      	MOVWF       R13, 0
L_morse333:
0x01F8	0x2E0D      	DECFSZ      R13, 1, 0
0x01FA	0xD7FE      	BRA         L_morse333
0x01FC	0x2E0C      	DECFSZ      R12, 1, 0
0x01FE	0xD7FC      	BRA         L_morse333
0x0200	0x2E0B      	DECFSZ      R11, 1, 0
0x0202	0xD7FA      	BRA         L_morse333
;MorseCode.c,105 :: 		morsePonto();
0x0204	0xDF1C      	RCALL       _morsePonto
;MorseCode.c,106 :: 		delay_ms(900);
0x0206	0x0E0A      	MOVLW       10
0x0208	0x6E0B      	MOVWF       R11, 0
0x020A	0x0E22      	MOVLW       34
0x020C	0x6E0C      	MOVWF       R12, 0
0x020E	0x0EA1      	MOVLW       161
0x0210	0x6E0D      	MOVWF       R13, 0
L_morse334:
0x0212	0x2E0D      	DECFSZ      R13, 1, 0
0x0214	0xD7FE      	BRA         L_morse334
0x0216	0x2E0C      	DECFSZ      R12, 1, 0
0x0218	0xD7FC      	BRA         L_morse334
0x021A	0x2E0B      	DECFSZ      R11, 1, 0
0x021C	0xD7FA      	BRA         L_morse334
;MorseCode.c,107 :: 		morseTraco();
0x021E	0xDEFE      	RCALL       _morseTraco
;MorseCode.c,108 :: 		delay_ms(900);
0x0220	0x0E0A      	MOVLW       10
0x0222	0x6E0B      	MOVWF       R11, 0
0x0224	0x0E22      	MOVLW       34
0x0226	0x6E0C      	MOVWF       R12, 0
0x0228	0x0EA1      	MOVLW       161
0x022A	0x6E0D      	MOVWF       R13, 0
L_morse335:
0x022C	0x2E0D      	DECFSZ      R13, 1, 0
0x022E	0xD7FE      	BRA         L_morse335
0x0230	0x2E0C      	DECFSZ      R12, 1, 0
0x0232	0xD7FC      	BRA         L_morse335
0x0234	0x2E0B      	DECFSZ      R11, 1, 0
0x0236	0xD7FA      	BRA         L_morse335
;MorseCode.c,109 :: 		morseTraco();
0x0238	0xDEF1      	RCALL       _morseTraco
;MorseCode.c,110 :: 		delay_ms(900);
0x023A	0x0E0A      	MOVLW       10
0x023C	0x6E0B      	MOVWF       R11, 0
0x023E	0x0E22      	MOVLW       34
0x0240	0x6E0C      	MOVWF       R12, 0
0x0242	0x0EA1      	MOVLW       161
0x0244	0x6E0D      	MOVWF       R13, 0
L_morse336:
0x0246	0x2E0D      	DECFSZ      R13, 1, 0
0x0248	0xD7FE      	BRA         L_morse336
0x024A	0x2E0C      	DECFSZ      R12, 1, 0
0x024C	0xD7FC      	BRA         L_morse336
0x024E	0x2E0B      	DECFSZ      R11, 1, 0
0x0250	0xD7FA      	BRA         L_morse336
;MorseCode.c,111 :: 		}
L_end_morse3:
0x0252	0x0012      	RETURN      0
; end of _morse3
_morse1:
;MorseCode.c,88 :: 		void morse1 () {  // Codifica o numero "1" em codigo morse
;MorseCode.c,89 :: 		morsePonto();
0x0254	0xDEF4      	RCALL       _morsePonto
;MorseCode.c,90 :: 		delay_ms(900);
0x0256	0x0E0A      	MOVLW       10
0x0258	0x6E0B      	MOVWF       R11, 0
0x025A	0x0E22      	MOVLW       34
0x025C	0x6E0C      	MOVWF       R12, 0
0x025E	0x0EA1      	MOVLW       161
0x0260	0x6E0D      	MOVWF       R13, 0
L_morse127:
0x0262	0x2E0D      	DECFSZ      R13, 1, 0
0x0264	0xD7FE      	BRA         L_morse127
0x0266	0x2E0C      	DECFSZ      R12, 1, 0
0x0268	0xD7FC      	BRA         L_morse127
0x026A	0x2E0B      	DECFSZ      R11, 1, 0
0x026C	0xD7FA      	BRA         L_morse127
;MorseCode.c,91 :: 		morseTraco();
0x026E	0xDED6      	RCALL       _morseTraco
;MorseCode.c,92 :: 		delay_ms(900);
0x0270	0x0E0A      	MOVLW       10
0x0272	0x6E0B      	MOVWF       R11, 0
0x0274	0x0E22      	MOVLW       34
0x0276	0x6E0C      	MOVWF       R12, 0
0x0278	0x0EA1      	MOVLW       161
0x027A	0x6E0D      	MOVWF       R13, 0
L_morse128:
0x027C	0x2E0D      	DECFSZ      R13, 1, 0
0x027E	0xD7FE      	BRA         L_morse128
0x0280	0x2E0C      	DECFSZ      R12, 1, 0
0x0282	0xD7FC      	BRA         L_morse128
0x0284	0x2E0B      	DECFSZ      R11, 1, 0
0x0286	0xD7FA      	BRA         L_morse128
;MorseCode.c,93 :: 		morseTraco();
0x0288	0xDEC9      	RCALL       _morseTraco
;MorseCode.c,94 :: 		delay_ms(900);
0x028A	0x0E0A      	MOVLW       10
0x028C	0x6E0B      	MOVWF       R11, 0
0x028E	0x0E22      	MOVLW       34
0x0290	0x6E0C      	MOVWF       R12, 0
0x0292	0x0EA1      	MOVLW       161
0x0294	0x6E0D      	MOVWF       R13, 0
L_morse129:
0x0296	0x2E0D      	DECFSZ      R13, 1, 0
0x0298	0xD7FE      	BRA         L_morse129
0x029A	0x2E0C      	DECFSZ      R12, 1, 0
0x029C	0xD7FC      	BRA         L_morse129
0x029E	0x2E0B      	DECFSZ      R11, 1, 0
0x02A0	0xD7FA      	BRA         L_morse129
;MorseCode.c,95 :: 		morseTraco();
0x02A2	0xDEBC      	RCALL       _morseTraco
;MorseCode.c,96 :: 		delay_ms(900);
0x02A4	0x0E0A      	MOVLW       10
0x02A6	0x6E0B      	MOVWF       R11, 0
0x02A8	0x0E22      	MOVLW       34
0x02AA	0x6E0C      	MOVWF       R12, 0
0x02AC	0x0EA1      	MOVLW       161
0x02AE	0x6E0D      	MOVWF       R13, 0
L_morse130:
0x02B0	0x2E0D      	DECFSZ      R13, 1, 0
0x02B2	0xD7FE      	BRA         L_morse130
0x02B4	0x2E0C      	DECFSZ      R12, 1, 0
0x02B6	0xD7FC      	BRA         L_morse130
0x02B8	0x2E0B      	DECFSZ      R11, 1, 0
0x02BA	0xD7FA      	BRA         L_morse130
;MorseCode.c,97 :: 		morseTraco();
0x02BC	0xDEAF      	RCALL       _morseTraco
;MorseCode.c,98 :: 		delay_ms(900);
0x02BE	0x0E0A      	MOVLW       10
0x02C0	0x6E0B      	MOVWF       R11, 0
0x02C2	0x0E22      	MOVLW       34
0x02C4	0x6E0C      	MOVWF       R12, 0
0x02C6	0x0EA1      	MOVLW       161
0x02C8	0x6E0D      	MOVWF       R13, 0
L_morse131:
0x02CA	0x2E0D      	DECFSZ      R13, 1, 0
0x02CC	0xD7FE      	BRA         L_morse131
0x02CE	0x2E0C      	DECFSZ      R12, 1, 0
0x02D0	0xD7FC      	BRA         L_morse131
0x02D2	0x2E0B      	DECFSZ      R11, 1, 0
0x02D4	0xD7FA      	BRA         L_morse131
;MorseCode.c,99 :: 		}
L_end_morse1:
0x02D6	0x0012      	RETURN      0
; end of _morse1
_morseJ:
;MorseCode.c,26 :: 		void morseJ () {  // Codifica a letra "J" em codigo morse
;MorseCode.c,27 :: 		morsePonto();
0x02D8	0xDEB2      	RCALL       _morsePonto
;MorseCode.c,28 :: 		delay_ms(900);
0x02DA	0x0E0A      	MOVLW       10
0x02DC	0x6E0B      	MOVWF       R11, 0
0x02DE	0x0E22      	MOVLW       34
0x02E0	0x6E0C      	MOVWF       R12, 0
0x02E2	0x0EA1      	MOVLW       161
0x02E4	0x6E0D      	MOVWF       R13, 0
L_morseJ2:
0x02E6	0x2E0D      	DECFSZ      R13, 1, 0
0x02E8	0xD7FE      	BRA         L_morseJ2
0x02EA	0x2E0C      	DECFSZ      R12, 1, 0
0x02EC	0xD7FC      	BRA         L_morseJ2
0x02EE	0x2E0B      	DECFSZ      R11, 1, 0
0x02F0	0xD7FA      	BRA         L_morseJ2
;MorseCode.c,29 :: 		morseTraco();
0x02F2	0xDE94      	RCALL       _morseTraco
;MorseCode.c,30 :: 		delay_ms(900);
0x02F4	0x0E0A      	MOVLW       10
0x02F6	0x6E0B      	MOVWF       R11, 0
0x02F8	0x0E22      	MOVLW       34
0x02FA	0x6E0C      	MOVWF       R12, 0
0x02FC	0x0EA1      	MOVLW       161
0x02FE	0x6E0D      	MOVWF       R13, 0
L_morseJ3:
0x0300	0x2E0D      	DECFSZ      R13, 1, 0
0x0302	0xD7FE      	BRA         L_morseJ3
0x0304	0x2E0C      	DECFSZ      R12, 1, 0
0x0306	0xD7FC      	BRA         L_morseJ3
0x0308	0x2E0B      	DECFSZ      R11, 1, 0
0x030A	0xD7FA      	BRA         L_morseJ3
;MorseCode.c,31 :: 		morseTraco();
0x030C	0xDE87      	RCALL       _morseTraco
;MorseCode.c,32 :: 		delay_ms(900);
0x030E	0x0E0A      	MOVLW       10
0x0310	0x6E0B      	MOVWF       R11, 0
0x0312	0x0E22      	MOVLW       34
0x0314	0x6E0C      	MOVWF       R12, 0
0x0316	0x0EA1      	MOVLW       161
0x0318	0x6E0D      	MOVWF       R13, 0
L_morseJ4:
0x031A	0x2E0D      	DECFSZ      R13, 1, 0
0x031C	0xD7FE      	BRA         L_morseJ4
0x031E	0x2E0C      	DECFSZ      R12, 1, 0
0x0320	0xD7FC      	BRA         L_morseJ4
0x0322	0x2E0B      	DECFSZ      R11, 1, 0
0x0324	0xD7FA      	BRA         L_morseJ4
;MorseCode.c,33 :: 		morseTraco();
0x0326	0xDE7A      	RCALL       _morseTraco
;MorseCode.c,34 :: 		delay_ms(900);
0x0328	0x0E0A      	MOVLW       10
0x032A	0x6E0B      	MOVWF       R11, 0
0x032C	0x0E22      	MOVLW       34
0x032E	0x6E0C      	MOVWF       R12, 0
0x0330	0x0EA1      	MOVLW       161
0x0332	0x6E0D      	MOVWF       R13, 0
L_morseJ5:
0x0334	0x2E0D      	DECFSZ      R13, 1, 0
0x0336	0xD7FE      	BRA         L_morseJ5
0x0338	0x2E0C      	DECFSZ      R12, 1, 0
0x033A	0xD7FC      	BRA         L_morseJ5
0x033C	0x2E0B      	DECFSZ      R11, 1, 0
0x033E	0xD7FA      	BRA         L_morseJ5
;MorseCode.c,35 :: 		}
L_end_morseJ:
0x0340	0x0012      	RETURN      0
; end of _morseJ
_morseV:
;MorseCode.c,36 :: 		void morseV () {  // Codifica a letra "V" em codigo morse
;MorseCode.c,37 :: 		morsePonto();
0x0342	0xDE7D      	RCALL       _morsePonto
;MorseCode.c,38 :: 		delay_ms(900);
0x0344	0x0E0A      	MOVLW       10
0x0346	0x6E0B      	MOVWF       R11, 0
0x0348	0x0E22      	MOVLW       34
0x034A	0x6E0C      	MOVWF       R12, 0
0x034C	0x0EA1      	MOVLW       161
0x034E	0x6E0D      	MOVWF       R13, 0
L_morseV6:
0x0350	0x2E0D      	DECFSZ      R13, 1, 0
0x0352	0xD7FE      	BRA         L_morseV6
0x0354	0x2E0C      	DECFSZ      R12, 1, 0
0x0356	0xD7FC      	BRA         L_morseV6
0x0358	0x2E0B      	DECFSZ      R11, 1, 0
0x035A	0xD7FA      	BRA         L_morseV6
;MorseCode.c,39 :: 		morsePonto();
0x035C	0xDE70      	RCALL       _morsePonto
;MorseCode.c,40 :: 		delay_ms(900);
0x035E	0x0E0A      	MOVLW       10
0x0360	0x6E0B      	MOVWF       R11, 0
0x0362	0x0E22      	MOVLW       34
0x0364	0x6E0C      	MOVWF       R12, 0
0x0366	0x0EA1      	MOVLW       161
0x0368	0x6E0D      	MOVWF       R13, 0
L_morseV7:
0x036A	0x2E0D      	DECFSZ      R13, 1, 0
0x036C	0xD7FE      	BRA         L_morseV7
0x036E	0x2E0C      	DECFSZ      R12, 1, 0
0x0370	0xD7FC      	BRA         L_morseV7
0x0372	0x2E0B      	DECFSZ      R11, 1, 0
0x0374	0xD7FA      	BRA         L_morseV7
;MorseCode.c,41 :: 		morsePonto();
0x0376	0xDE63      	RCALL       _morsePonto
;MorseCode.c,42 :: 		delay_ms(900);
0x0378	0x0E0A      	MOVLW       10
0x037A	0x6E0B      	MOVWF       R11, 0
0x037C	0x0E22      	MOVLW       34
0x037E	0x6E0C      	MOVWF       R12, 0
0x0380	0x0EA1      	MOVLW       161
0x0382	0x6E0D      	MOVWF       R13, 0
L_morseV8:
0x0384	0x2E0D      	DECFSZ      R13, 1, 0
0x0386	0xD7FE      	BRA         L_morseV8
0x0388	0x2E0C      	DECFSZ      R12, 1, 0
0x038A	0xD7FC      	BRA         L_morseV8
0x038C	0x2E0B      	DECFSZ      R11, 1, 0
0x038E	0xD7FA      	BRA         L_morseV8
;MorseCode.c,43 :: 		morseTraco();
0x0390	0xDE45      	RCALL       _morseTraco
;MorseCode.c,44 :: 		delay_ms(900);
0x0392	0x0E0A      	MOVLW       10
0x0394	0x6E0B      	MOVWF       R11, 0
0x0396	0x0E22      	MOVLW       34
0x0398	0x6E0C      	MOVWF       R12, 0
0x039A	0x0EA1      	MOVLW       161
0x039C	0x6E0D      	MOVWF       R13, 0
L_morseV9:
0x039E	0x2E0D      	DECFSZ      R13, 1, 0
0x03A0	0xD7FE      	BRA         L_morseV9
0x03A2	0x2E0C      	DECFSZ      R12, 1, 0
0x03A4	0xD7FC      	BRA         L_morseV9
0x03A6	0x2E0B      	DECFSZ      R11, 1, 0
0x03A8	0xD7FA      	BRA         L_morseV9
;MorseCode.c,45 :: 		}
L_end_morseV:
0x03AA	0x0012      	RETURN      0
; end of _morseV
_morseS:
;MorseCode.c,46 :: 		void morseS () {  // Codifica a letra "S" em codigo morse
;MorseCode.c,47 :: 		morsePonto();
0x03AC	0xDE48      	RCALL       _morsePonto
;MorseCode.c,48 :: 		delay_ms(900);
0x03AE	0x0E0A      	MOVLW       10
0x03B0	0x6E0B      	MOVWF       R11, 0
0x03B2	0x0E22      	MOVLW       34
0x03B4	0x6E0C      	MOVWF       R12, 0
0x03B6	0x0EA1      	MOVLW       161
0x03B8	0x6E0D      	MOVWF       R13, 0
L_morseS10:
0x03BA	0x2E0D      	DECFSZ      R13, 1, 0
0x03BC	0xD7FE      	BRA         L_morseS10
0x03BE	0x2E0C      	DECFSZ      R12, 1, 0
0x03C0	0xD7FC      	BRA         L_morseS10
0x03C2	0x2E0B      	DECFSZ      R11, 1, 0
0x03C4	0xD7FA      	BRA         L_morseS10
;MorseCode.c,49 :: 		morsePonto();
0x03C6	0xDE3B      	RCALL       _morsePonto
;MorseCode.c,50 :: 		delay_ms(900);
0x03C8	0x0E0A      	MOVLW       10
0x03CA	0x6E0B      	MOVWF       R11, 0
0x03CC	0x0E22      	MOVLW       34
0x03CE	0x6E0C      	MOVWF       R12, 0
0x03D0	0x0EA1      	MOVLW       161
0x03D2	0x6E0D      	MOVWF       R13, 0
L_morseS11:
0x03D4	0x2E0D      	DECFSZ      R13, 1, 0
0x03D6	0xD7FE      	BRA         L_morseS11
0x03D8	0x2E0C      	DECFSZ      R12, 1, 0
0x03DA	0xD7FC      	BRA         L_morseS11
0x03DC	0x2E0B      	DECFSZ      R11, 1, 0
0x03DE	0xD7FA      	BRA         L_morseS11
;MorseCode.c,51 :: 		morsePonto();
0x03E0	0xDE2E      	RCALL       _morsePonto
;MorseCode.c,52 :: 		delay_ms(900);
0x03E2	0x0E0A      	MOVLW       10
0x03E4	0x6E0B      	MOVWF       R11, 0
0x03E6	0x0E22      	MOVLW       34
0x03E8	0x6E0C      	MOVWF       R12, 0
0x03EA	0x0EA1      	MOVLW       161
0x03EC	0x6E0D      	MOVWF       R13, 0
L_morseS12:
0x03EE	0x2E0D      	DECFSZ      R13, 1, 0
0x03F0	0xD7FE      	BRA         L_morseS12
0x03F2	0x2E0C      	DECFSZ      R12, 1, 0
0x03F4	0xD7FC      	BRA         L_morseS12
0x03F6	0x2E0B      	DECFSZ      R11, 1, 0
0x03F8	0xD7FA      	BRA         L_morseS12
;MorseCode.c,53 :: 		}
L_end_morseS:
0x03FA	0x0012      	RETURN      0
; end of _morseS
_emiteIniciais:
;MorseCode.c,123 :: 		void emiteIniciais() {   // Codifica JVSB em morse
;MorseCode.c,124 :: 		morseJ();
0x03FC	0xDF6D      	RCALL       _morseJ
;MorseCode.c,125 :: 		morseV();
0x03FE	0xDFA1      	RCALL       _morseV
;MorseCode.c,126 :: 		morseS();
0x0400	0xDFD5      	RCALL       _morseS
;MorseCode.c,127 :: 		morseB();
0x0402	0xDE6F      	RCALL       _morseB
;MorseCode.c,128 :: 		}
L_end_emiteIniciais:
0x0404	0x0012      	RETURN      0
; end of _emiteIniciais
___CC2DW:
;__Lib_System.c,21 :: 		
;__Lib_System.c,23 :: 		
_CC2DL_Loop1:
;__Lib_System.c,24 :: 		
0x0406	0x0009      	TBLRD*+
;__Lib_System.c,25 :: 		
0x0408	0xFFE6CFF5  	MOVFF       TABLAT, POSTINC1
;__Lib_System.c,26 :: 		
0x040C	0x0600      	DECF        R0, 1, 0
;__Lib_System.c,27 :: 		
0x040E	0xE1FB      	BNZ         _CC2DL_Loop1
;__Lib_System.c,28 :: 		
0x0410	0x0601      	DECF        R1, 1, 0
;__Lib_System.c,29 :: 		
0x0412	0xE1F9      	BNZ         _CC2DL_Loop1
;__Lib_System.c,31 :: 		
L_end___CC2DW:
0x0414	0x0012      	RETURN      0
; end of ___CC2DW
_emiteMatricula:
;MorseCode.c,112 :: 		void emiteMatricula() {   // Codifica 202110331 em morse
;MorseCode.c,113 :: 		morse2();
0x0416	0xDE9A      	RCALL       _morse2
;MorseCode.c,114 :: 		morse0();
0x0418	0xDE22      	RCALL       _morse0
;MorseCode.c,115 :: 		morse2();
0x041A	0xDE98      	RCALL       _morse2
;MorseCode.c,116 :: 		morse1();
0x041C	0xDF1B      	RCALL       _morse1
;MorseCode.c,117 :: 		morse1();
0x041E	0xDF1A      	RCALL       _morse1
;MorseCode.c,118 :: 		morse0();
0x0420	0xDE1E      	RCALL       _morse0
;MorseCode.c,119 :: 		morse3();
0x0422	0xDED6      	RCALL       _morse3
;MorseCode.c,120 :: 		morse3();
0x0424	0xDED5      	RCALL       _morse3
;MorseCode.c,121 :: 		morse1();
0x0426	0xDF16      	RCALL       _morse1
;MorseCode.c,122 :: 		}
L_end_emiteMatricula:
0x0428	0x0012      	RETURN      0
; end of _emiteMatricula
_main:
;MorseCode.c,130 :: 		void main() {
;MorseCode.c,132 :: 		trisb = 1; //Seta PORTB para entrada;
0x042A	0x0E01      	MOVLW       1
0x042C	0x6E93      	MOVWF       TRISB 
;MorseCode.c,133 :: 		trisd = 0; //Seta PORTD para saida;
0x042E	0x6A95      	CLRF        TRISD 
;MorseCode.c,135 :: 		while(1) {               //Loop infinito
L_main37:
;MorseCode.c,136 :: 		if(portb.rb0 == 0) {
0x0430	0xB081      	BTFSC       PORTB, 0 
0x0432	0xD001      	BRA         L_main39
;MorseCode.c,137 :: 		emiteIniciais(); //Caso o PUSH BOTTOM RB0 seja precionado emite iniciais
0x0434	0xDFE3      	RCALL       _emiteIniciais
;MorseCode.c,138 :: 		}
L_main39:
;MorseCode.c,139 :: 		if(portb.rb1 == 0) {
0x0436	0xB281      	BTFSC       PORTB, 1 
0x0438	0xD001      	BRA         L_main40
;MorseCode.c,140 :: 		emiteMatricula(); //Caso o PUSH BOTTOM RB1 seja precionado emite matricula
0x043A	0xDFED      	RCALL       _emiteMatricula
;MorseCode.c,141 :: 		}
L_main40:
;MorseCode.c,142 :: 		portd = 0b00000000;
0x043C	0x6A83      	CLRF        PORTD 
;MorseCode.c,143 :: 		}
0x043E	0xD7F8      	BRA         L_main37
;MorseCode.c,145 :: 		}
L_end_main:
0x0440	0xD7FF      	BRA         $+0
; end of _main
Symbol List:
//** Routines locations **
//ADDRESS    SIZE    PROCEDURE
//----------------------------------------------
0x001C      [34]    _morseTraco
0x003E      [32]    _morsePonto
0x005E     [132]    _morse0
0x00E2     [106]    _morseB
0x014C     [132]    _morse2
0x01D0     [132]    _morse3
0x0254     [132]    _morse1
0x02D8     [106]    _morseJ
0x0342     [106]    _morseV
0x03AC      [80]    _morseS
0x03FC      [10]    _emiteIniciais
0x0406      [16]    ___CC2DW
0x0416      [20]    _emiteMatricula
0x042A      [24]    _main
//** Variables locations ** 
//ADDRESS    SIZE    VARIABLE
//----------------------------------------------
0x0000       [1]    __Lib_SoftI2C_PutZerosToLATSda_temp_sda_L0
0x0000       [1]    __Lib_SoftI2C_PutZerosToLATScl_temp_scl_L0
0x0000       [1]    UART1_Init_tmp_L0
0x0000       [1]    SPI1_Write_tmp_L0
0x0000       [1]    EEPROM_Write_SaveINTCON_L0
0x0000       [1]    FLASH_Erase_64_SaveINTCON_L0
0x0000       [1]    R0
0x0001       [1]    __Lib_TFT_16bit_JPEG_FileReadBytes_Result_L0
0x0001       [1]    FLASH_Write_8_i_L0
0x0001       [1]    R1
0x0001       [1]    FLASH_Erase_Write_64_i_L0
0x0001       [1]    __Lib_TFT_JPEG_FileReadBytes_Result_L0
0x0001       [1]    ispunct_rslt_L0
0x0001       [1]    UART1_Read___tmp_UART1_Read_L0
0x0001       [2]    FLASH_Read_N_Bytes_i_L0
0x0001       [1]    __Lib_TFT_JPEG_FileRead_i_L0
0x0001       [1]    __Lib_TFT_16bit_JPEG_FileRead_i_L0
0x0001       [1]    __Lib_PS2_Wait_Falling_nsample_L0
0x0002       [1]    FLASH_Write_8_SaveINTCON_L0
0x0002       [1]    R2
0x0002       [1]    FLASH_Erase_Write_64_j_L0
0x0002       [2]    memset_pp_L0
0x0002       [2]    memcpy_dd_L0
0x0002       [2]    memchr_s_L0
0x0002       [2]    strlen_cp_L0
0x0003       [1]    FLASH_Erase_Write_64_SaveINTCON_L0
0x0003       [2]    Ltrim_original_L0
0x0003       [2]    memmove_tt_L0
0x0003       [1]    R3
0x0003       [2]    __Lib_MmcFat16_f16_toInt_l_L0
0x0003       [2]    MM_TotalFreeMemSize_Tot_L0
0x0003       [1]    MM_Init_i_L0
0x0003       [1]    __Lib_Sprinti_?FLOC____Lib_Sprinti_Do_FillT29
0x0004       [2]    strcpy_cp_L0
0x0004       [2]    strncat_cp_L0
0x0004       [2]    strncpy_cp_L0
0x0004       [2]    __Lib_MemManager_MM_GetMemAlign_P_L0
0x0004       [1]    __Lib_Sprinti_?FLOC____Lib_Sprinti_Do_FillT40
0x0004       [2]    strcat_cp_L0
0x0004       [2]    frexp_pom_L0
0x0004       [2]    memcpy_ss_L0
0x0004       [1]    R4
0x0005       [2]    LongWordToHex_input_half_L0
0x0005       [2]    Ltrim_p_L0
0x0005       [1]    MM_TotalFreeMemSize_i_L0
0x0005       [1]    __Lib_Sprinti_?FLOC____Lib_Sprinti_Do_FillT54
0x0005       [1]    R5
0x0005       [2]    LongIntToHex_input_half_L0
0x0005       [2]    memmove_ff_L0
0x0006       [1]    R6
0x0006       [1]    __Lib_MemManager_MM_GetMemAlign_i_L0
0x0006       [1]    __Lib_Sprinti_?FLOC____Lib_Sprinti_Do_FillT69
0x0007       [1]    __Lib_TFT_JPEG_GenerateHuffmanTables_bLength_L0
0x0007       [1]    R7
0x0007       [1]    __Lib_TFT_16bit_JPEG_GenerateHuffmanTables_bLength_L0
0x0008       [1]    R8
0x0008       [1]    __Lib_TFT_16bit_JPEG_GenerateHuffmanTables_bTable_L0
0x0008       [1]    __Lib_TFT_JPEG_GenerateHuffmanTables_bTable_L0
0x0009       [4]    __Lib_MmcFat16_f16_toLong_l_L0
0x0009       [1]    R9
0x000A       [1]    R10
0x000B       [1]    R11
0x000C       [1]    R12
0x000D       [1]    R13
0x000E       [1]    R14
0x000F       [1]    R15
0x0010       [1]    R16
0x0011       [1]    R17
0x0012       [1]    R18
0x0013       [1]    R19
0x0014       [1]    R20
0x0F81       [1]    PORTB
0x0F83       [1]    PORTD
0x0F93       [1]    TRISB
0x0F95       [1]    TRISD
0x0FD8       [1]    STATUS
0x0FD9       [1]    FSR2L
0x0FDA       [1]    FSR2H
0x0FDE       [1]    POSTINC2
0x0FE0       [1]    BSR
0x0FE1       [1]    FSR1L
0x0FE2       [1]    FSR1H
0x0FE4       [1]    PREINC1
0x0FE6       [1]    POSTINC1
0x0FE7       [1]    INDF1
0x0FE8       [1]    WREG
0x0FE9       [1]    FSR0L
0x0FEA       [1]    FSR0H
0x0FEE       [1]    POSTINC0
0x0FF3       [1]    PRODL
0x0FF4       [1]    PRODH
0x0FF5       [1]    TABLAT
0x0FF6       [1]    TBLPTRL
0x0FF7       [1]    TBLPTRH
0x0FF8       [1]    TBLPTRU
