;  LST file generated by mikroListExporter - v.2.0 
; Date/Time: 11/06/2025 11:15:03
;----------------------------------------------

;Address Opcode 	ASM
0x0000	0xF000EFAF  	GOTO        350
0x0004	0x0000      	NOP
0x0006	0x0000      	NOP
0x0008	0xF000EF00  	GOTO        0
0x000C	0x0000      	NOP
0x000E	0x0000      	NOP
0x0010	0x0000      	NOP
0x0012	0x0000      	NOP
0x0014	0x0000      	NOP
0x0016	0x0000      	NOP
0x0018	0xD7F3      	BRA         0
_Mul_16X16_U:
;__Lib_Math.c,440 :: 		
;__Lib_Math.c,447 :: 		
0x001C	0x6A0B      	CLRF        R11, 0
;__Lib_Math.c,448 :: 		
0x001E	0x6A0A      	CLRF        R10, 0
;__Lib_Math.c,449 :: 		
0x0020	0x6A09      	CLRF        R9, 0
;__Lib_Math.c,450 :: 		
0x0022	0x5000      	MOVF        R0, 0, 0
;__Lib_Math.c,451 :: 		
0x0024	0x0204      	MULWF       R4, 0
;__Lib_Math.c,453 :: 		
0x0026	0xF009CFF4  	MOVFF       PRODH, R9
;__Lib_Math.c,454 :: 		
0x002A	0xF008CFF3  	MOVFF       PRODL, R8
;__Lib_Math.c,455 :: 		
0x002E	0x5001      	MOVF        R1, 0, 0
;__Lib_Math.c,456 :: 		
0x0030	0x0205      	MULWF       R5, 0
;__Lib_Math.c,458 :: 		
0x0032	0xF00BCFF4  	MOVFF       PRODH, R11
;__Lib_Math.c,459 :: 		
0x0036	0xF00ACFF3  	MOVFF       PRODL, R10
;__Lib_Math.c,460 :: 		
0x003A	0x5000      	MOVF        R0, 0, 0
;__Lib_Math.c,461 :: 		
0x003C	0x0205      	MULWF       R5, 0
;__Lib_Math.c,463 :: 		
0x003E	0x50F3      	MOVF        PRODL, 0, 0
;__Lib_Math.c,464 :: 		
0x0040	0x2609      	ADDWF       R9, 1, 0
;__Lib_Math.c,465 :: 		
0x0042	0x50F4      	MOVF        PRODH, 0, 0
;__Lib_Math.c,466 :: 		
0x0044	0x220A      	ADDWFC      R10, 1, 0
;__Lib_Math.c,467 :: 		
0x0046	0x6AE8      	CLRF        WREG, 0
;__Lib_Math.c,468 :: 		
0x0048	0x220B      	ADDWFC      R11, 1, 0
;__Lib_Math.c,469 :: 		
0x004A	0x5001      	MOVF        R1, 0, 0
;__Lib_Math.c,470 :: 		
0x004C	0x0204      	MULWF       R4, 0
;__Lib_Math.c,472 :: 		
0x004E	0x50F3      	MOVF        PRODL, 0, 0
;__Lib_Math.c,473 :: 		
0x0050	0x2609      	ADDWF       R9, 1, 0
;__Lib_Math.c,474 :: 		
0x0052	0x50F4      	MOVF        PRODH, 0, 0
;__Lib_Math.c,475 :: 		
0x0054	0x220A      	ADDWFC      R10, 1, 0
;__Lib_Math.c,476 :: 		
0x0056	0x6AE8      	CLRF        WREG, 0
;__Lib_Math.c,477 :: 		
0x0058	0x220B      	ADDWFC      R11, 1, 0
;__Lib_Math.c,479 :: 		
0x005A	0xF000C008  	MOVFF       R8, R0
;__Lib_Math.c,480 :: 		
0x005E	0xF001C009  	MOVFF       R9, R1
;__Lib_Math.c,481 :: 		
0x0062	0xF002C00A  	MOVFF       R10, R2
;__Lib_Math.c,482 :: 		
0x0066	0xF003C00B  	MOVFF       R11, R3
;__Lib_Math.c,485 :: 		
L_end_Mul_16X16_U:
0x006A	0x0012      	RETURN      0
; end of _Mul_16X16_U
_Delay_22us:
;__Lib_Delays.c,15 :: 		void Delay_22us() {
;__Lib_Delays.c,16 :: 		Delay_us(22);
0x006C	0x0E0E      	MOVLW       14
0x006E	0x6E0D      	MOVWF       R13, 0
L_Delay_22us1:
0x0070	0x2E0D      	DECFSZ      R13, 1, 0
0x0072	0xD7FE      	BRA         L_Delay_22us1
0x0074	0x0000      	NOP
;__Lib_Delays.c,17 :: 		}
L_end_Delay_22us:
0x0076	0x0012      	RETURN      0
; end of _Delay_22us
_PWM1_Start:
;__Lib_PWM_c21.c,53 :: 		
;__Lib_PWM_c21.c,54 :: 		
0x0078	0x9494      	BCF         TRISC2_bit, BitPos(TRISC2_bit+0) 
;__Lib_PWM_c21.c,55 :: 		
0x007A	0x84CA      	BSF         T2CON, 2 
;__Lib_PWM_c21.c,56 :: 		
0x007C	0x0E0C      	MOVLW       12
0x007E	0x12BD      	IORWF       CCP1CON, 1 
;__Lib_PWM_c21.c,57 :: 		
L_end_PWM1_Start:
0x0080	0x0012      	RETURN      0
; end of _PWM1_Start
_ADC_Get_Sample:
;__Lib_ADC_A_C.c,45 :: 		
;__Lib_ADC_A_C.c,49 :: 		
0x0082	0x0EC7      	MOVLW       199
0x0084	0x16C2      	ANDWF       ADCON0, 1 
;__Lib_ADC_A_C.c,50 :: 		
0x0086	0xF000C01A  	MOVFF       FARG_ADC_Get_Sample_channel, R0
0x008A	0x3600      	RLCF        R0, 1 
0x008C	0x9000      	BCF         R0, 0 
0x008E	0x3600      	RLCF        R0, 1 
0x0090	0x9000      	BCF         R0, 0 
0x0092	0x3600      	RLCF        R0, 1 
0x0094	0x9000      	BCF         R0, 0 
0x0096	0x5000      	MOVF        R0, 0 
0x0098	0x12C2      	IORWF       ADCON0, 1 
;__Lib_ADC_A_C.c,52 :: 		
0x009A	0xDFE8      	RCALL       _Delay_22us
;__Lib_ADC_A_C.c,53 :: 		
0x009C	0x84C2      	BSF         ADCON0, 2 
;__Lib_ADC_A_C.c,54 :: 		
L_ADC_Get_Sample0:
0x009E	0xA4C2      	BTFSS       ADCON0, 2 
0x00A0	0xD001      	BRA         L_ADC_Get_Sample1
;__Lib_ADC_A_C.c,55 :: 		
0x00A2	0xD7FD      	BRA         L_ADC_Get_Sample0
L_ADC_Get_Sample1:
;__Lib_ADC_A_C.c,57 :: 		
0x00A4	0xF001CFC4  	MOVFF       ADRESH, R1
0x00A8	0x6A00      	CLRF        R0 
;__Lib_ADC_A_C.c,58 :: 		
0x00AA	0x50C3      	MOVF        ADRESL, 0 
0x00AC	0x1200      	IORWF       R0, 1 
0x00AE	0x0E00      	MOVLW       0
0x00B0	0x1201      	IORWF       R1, 1 
;__Lib_ADC_A_C.c,61 :: 		
;__Lib_ADC_A_C.c,63 :: 		
L_end_ADC_Get_Sample:
0x00B2	0x0012      	RETURN      0
; end of _ADC_Get_Sample
___CC2DW:
;__Lib_System.c,21 :: 		
;__Lib_System.c,23 :: 		
_CC2DL_Loop1:
;__Lib_System.c,24 :: 		
0x00B4	0x0009      	TBLRD*+
;__Lib_System.c,25 :: 		
0x00B6	0xFFE6CFF5  	MOVFF       TABLAT, POSTINC1
;__Lib_System.c,26 :: 		
0x00BA	0x0600      	DECF        R0, 1, 0
;__Lib_System.c,27 :: 		
0x00BC	0xE1FB      	BNZ         _CC2DL_Loop1
;__Lib_System.c,28 :: 		
0x00BE	0x0601      	DECF        R1, 1, 0
;__Lib_System.c,29 :: 		
0x00C0	0xE1F9      	BNZ         _CC2DL_Loop1
;__Lib_System.c,31 :: 		
L_end___CC2DW:
0x00C2	0x0012      	RETURN      0
; end of ___CC2DW
_ADC_Init:
;__Lib_ADC_A_C.c,21 :: 		
;__Lib_ADC_A_C.c,22 :: 		
0x00C4	0x0E82      	MOVLW       _ADC_Get_Sample
0x00C6	0x6E16      	MOVWF       _ADC_Get_Sample_Ptr 
0x00C8	0x0E00      	MOVLW       hi_addr(_ADC_Get_Sample)
0x00CA	0x6E17      	MOVWF       _ADC_Get_Sample_Ptr+1 
0x00CC	0x0E1A      	MOVLW       FARG_ADC_Get_Sample_channel
0x00CE	0x6E18      	MOVWF       _ADC_Get_Sample_Ptr+2 
0x00D0	0x0E00      	MOVLW       hi_addr(FARG_ADC_Get_Sample_channel)
0x00D2	0x6E19      	MOVWF       _ADC_Get_Sample_Ptr+3 
;__Lib_ADC_A_C.c,24 :: 		
0x00D4	0x6AC2      	CLRF        ADCON0 
;__Lib_ADC_A_C.c,25 :: 		
0x00D6	0x0EC0      	MOVLW       192
0x00D8	0x12C2      	IORWF       ADCON0, 1 
;__Lib_ADC_A_C.c,26 :: 		
0x00DA	0x1C15      	COMF        _vref_mask, 0 
0x00DC	0x6E00      	MOVWF       R0 
0x00DE	0x5000      	MOVF        R0, 0 
0x00E0	0x16C1      	ANDWF       ADCON1, 1 
;__Lib_ADC_A_C.c,27 :: 		
0x00E2	0x8CC1      	BSF         ADCON1, 6 
;__Lib_ADC_A_C.c,29 :: 		
0x00E4	0x8EC1      	BSF         ADCON1, 7 
;__Lib_ADC_A_C.c,30 :: 		
0x00E6	0x80C2      	BSF         ADCON0, 0 
;__Lib_ADC_A_C.c,31 :: 		
L_end_ADC_Init:
0x00E8	0x0012      	RETURN      0
; end of _ADC_Init
_PWM1_Init:
;__Lib_PWM_c21.c,35 :: 		
;__Lib_PWM_c21.c,36 :: 		
;__Lib_PWM_c21.c,37 :: 		
0x00EA	0x6ABE      	CLRF        CCPR1L 
;__Lib_PWM_c21.c,38 :: 		
0x00EC	0x98BD      	BCF         CCP1CON, 4 
;__Lib_PWM_c21.c,39 :: 		
0x00EE	0x9ABD      	BCF         CCP1CON, 5 
;__Lib_PWM_c21.c,40 :: 		
L_end_PWM1_Init:
0x00F0	0x0012      	RETURN      0
; end of _PWM1_Init
_PWM1_Set_Duty:
;__Lib_PWM_c21.c,42 :: 		
;__Lib_PWM_c21.c,46 :: 		
0x00F2	0x50CB      	MOVF        PR2, 0 
0x00F4	0x0F01      	ADDLW       1
0x00F6	0x6E00      	MOVWF       R0 
0x00F8	0x6A01      	CLRF        R1 
0x00FA	0x0E00      	MOVLW       0
0x00FC	0x2201      	ADDWFC      R1, 1 
0x00FE	0xF004C01A  	MOVFF       FARG_PWM1_Set_Duty_new_duty, R4
0x0102	0x0E00      	MOVLW       0
0x0104	0x6E05      	MOVWF       R5 
0x0106	0xDF8A      	RCALL       _Mul_16X16_U
0x0108	0x0E06      	MOVLW       6
0x010A	0x6E02      	MOVWF       R2 
0x010C	0xF004C000  	MOVFF       R0, R4
0x0110	0xF005C001  	MOVFF       R1, R5
0x0114	0x5002      	MOVF        R2, 0 
L__PWM1_Set_Duty10:
0x0116	0xE005      	BZ          L__PWM1_Set_Duty11
0x0118	0x3205      	RRCF        R5, 1 
0x011A	0x3204      	RRCF        R4, 1 
0x011C	0x9E05      	BCF         R5, 7 
0x011E	0x0FFF      	ADDLW       255
0x0120	0xD7FA      	BRA         L__PWM1_Set_Duty10
L__PWM1_Set_Duty11:
;__Lib_PWM_c21.c,47 :: 		
0x0122	0x0E04      	MOVLW       4
0x0124	0x6E01      	MOVWF       R1 
0x0126	0xF000C004  	MOVFF       R4, R0
0x012A	0x5001      	MOVF        R1, 0 
L__PWM1_Set_Duty12:
0x012C	0xE004      	BZ          L__PWM1_Set_Duty13
0x012E	0x3600      	RLCF        R0, 1 
0x0130	0x9000      	BCF         R0, 0 
0x0132	0x0FFF      	ADDLW       255
0x0134	0xD7FB      	BRA         L__PWM1_Set_Duty12
L__PWM1_Set_Duty13:
0x0136	0x0E30      	MOVLW       48
0x0138	0x1400      	ANDWF       R0, 0 
0x013A	0x6E03      	MOVWF       R3 
;__Lib_PWM_c21.c,48 :: 		
0x013C	0xF000C004  	MOVFF       R4, R0
0x0140	0xF001C005  	MOVFF       R5, R1
0x0144	0x3201      	RRCF        R1, 1 
0x0146	0x3200      	RRCF        R0, 1 
0x0148	0x9E01      	BCF         R1, 7 
0x014A	0x3201      	RRCF        R1, 1 
0x014C	0x3200      	RRCF        R0, 1 
0x014E	0x9E01      	BCF         R1, 7 
0x0150	0xFFBEC000  	MOVFF       R0, CCPR1L
;__Lib_PWM_c21.c,49 :: 		
0x0154	0x0E0F      	MOVLW       15
0x0156	0x16BD      	ANDWF       CCP1CON, 1 
;__Lib_PWM_c21.c,50 :: 		
0x0158	0x5003      	MOVF        R3, 0 
0x015A	0x12BD      	IORWF       CCP1CON, 1 
;__Lib_PWM_c21.c,51 :: 		
L_end_PWM1_Set_Duty:
0x015C	0x0012      	RETURN      0
; end of _PWM1_Set_Duty
_main:
0x015E	0xF000ECE2  	CALL        452, 0
;PWM.c,12 :: 		void main()
;PWM.c,23 :: 		ADCON1 = 0b10001110;
0x0162	0x0E8E      	MOVLW       142
0x0164	0x6EC1      	MOVWF       ADCON1 
;PWM.c,32 :: 		ADCON0 = 0b11000001;
0x0166	0x0EC1      	MOVLW       193
0x0168	0x6EC2      	MOVWF       ADCON0 
;PWM.c,33 :: 		ADC_Init();
0x016A	0xDFAC      	RCALL       _ADC_Init
;PWM.c,34 :: 		trisa.ra0 = 1;     //programa pino RA0 como entrada - AN0
0x016C	0x8092      	BSF         TRISA, 0 
;PWM.c,35 :: 		PWM1_Init(2000);  //inicializa PWM, canal CCP1, com 2kHz
0x016E	0x80CA      	BSF         T2CON, 0, 0
0x0170	0x92CA      	BCF         T2CON, 1, 0
0x0172	0x0EF9      	MOVLW       249
0x0174	0x6ECB      	MOVWF       PR2, 0
0x0176	0xDFB9      	RCALL       _PWM1_Init
;PWM.c,36 :: 		PWM1_Set_Duty(0); //inicializa duty com 0
0x0178	0x6A1A      	CLRF        FARG_PWM1_Set_Duty_new_duty 
0x017A	0xDFBB      	RCALL       _PWM1_Set_Duty
;PWM.c,37 :: 		PWM1_start();     //inicializa PWM
0x017C	0xDF7D      	RCALL       _PWM1_Start
;PWM.c,40 :: 		while(1) {
L_main0:
;PWM.c,41 :: 		p=ADC_Get_Sample(0);      //le o canal AN0 e salva em P
0x017E	0x6A1A      	CLRF        FARG_ADC_Get_Sample_channel 
0x0180	0xDF80      	RCALL       _ADC_Get_Sample
;PWM.c,42 :: 		p=p>>2;          //converte o valor do AN0 em byte
0x0182	0xF002C000  	MOVFF       R0, R2
0x0186	0xF003C001  	MOVFF       R1, R3
0x018A	0x3203      	RRCF        R3, 1 
0x018C	0x3202      	RRCF        R2, 1 
0x018E	0x9E03      	BCF         R3, 7 
0x0190	0xBC03      	BTFSC       R3, 6 
0x0192	0x8E03      	BSF         R3, 7 
0x0194	0x3203      	RRCF        R3, 1 
0x0196	0x3202      	RRCF        R2, 1 
0x0198	0x9E03      	BCF         R3, 7 
0x019A	0xBC03      	BTFSC       R3, 6 
0x019C	0x8E03      	BSF         R3, 7 
;PWM.c,43 :: 		PWM1_Set_Duty(p);  //atribui o valor de p ao duty do PWM
0x019E	0xF01AC002  	MOVFF       R2, FARG_PWM1_Set_Duty_new_duty
0x01A2	0xDFA7      	RCALL       _PWM1_Set_Duty
;PWM.c,44 :: 		Delay_ms(100);      //aguarda delay de 100ms
0x01A4	0x0E02      	MOVLW       2
0x01A6	0x6E0B      	MOVWF       R11, 0
0x01A8	0x0E04      	MOVLW       4
0x01AA	0x6E0C      	MOVWF       R12, 0
0x01AC	0x0EBA      	MOVLW       186
0x01AE	0x6E0D      	MOVWF       R13, 0
L_main2:
0x01B0	0x2E0D      	DECFSZ      R13, 1, 0
0x01B2	0xD7FE      	BRA         L_main2
0x01B4	0x2E0C      	DECFSZ      R12, 1, 0
0x01B6	0xD7FC      	BRA         L_main2
0x01B8	0x2E0B      	DECFSZ      R11, 1, 0
0x01BA	0xD7FA      	BRA         L_main2
0x01BC	0x0000      	NOP
;PWM.c,45 :: 		}
0x01BE	0xD7DF      	BRA         L_main0
;PWM.c,47 :: 		}
L_end_main:
0x01C0	0xD7FF      	BRA         $+0
; end of _main
0x01C4	0xF015EE10  	LFSR        1, 21
0x01C8	0x0E01      	MOVLW       1
0x01CA	0x6E00      	MOVWF       R0 
0x01CC	0x0E01      	MOVLW       1
0x01CE	0x6E01      	MOVWF       R1 
0x01D0	0x0EC2      	MOVLW       194
0x01D2	0x6EF6      	MOVWF       4086 
0x01D4	0x0E01      	MOVLW       1
0x01D6	0x6EF7      	MOVWF       TBLPTRH 
0x01D8	0x0E00      	MOVLW       0
0x01DA	0x6EF8      	MOVWF       TBLPTRU 
0x01DC	0xF000EC5A  	CALL        180, 0
0x01E0	0x0012      	RETURN      0
;__Lib_ADC_A_C.c,0 :: ?ICS_vref_mask
0x01C2	0x0F ;?ICS_vref_mask+0
; end of ?ICS_vref_mask
Symbol List:
//** Routines locations **
//ADDRESS    SIZE    PROCEDURE
//----------------------------------------------
0x001C      [80]    _Mul_16X16_U
0x006C      [12]    _Delay_22us
0x0078      [10]    _PWM1_Start
0x0082      [50]    _ADC_Get_Sample
0x00B4      [16]    ___CC2DW
0x00C4      [38]    _ADC_Init
0x00EA       [8]    _PWM1_Init
0x00F2     [108]    _PWM1_Set_Duty
0x015E     [100]    _main
//** Variables locations ** 
//ADDRESS    SIZE    VARIABLE
//----------------------------------------------
0x0000       [1]    FLASH_Erase_64_SaveINTCON_L0
0x0000       [1]    SPI1_Write_tmp_L0
0x0000       [1]    R0
0x0000       [1]    __Lib_SoftI2C_PutZerosToLATScl_temp_scl_L0
0x0000       [1]    UART1_Init_tmp_L0
0x0000       [1]    EEPROM_Write_SaveINTCON_L0
0x0000       [1]    __Lib_SoftI2C_PutZerosToLATSda_temp_sda_L0
0x0001       [1]    __Lib_TFT_JPEG_FileRead_i_L0
0x0001       [1]    FLASH_Write_8_i_L0
0x0001       [1]    __Lib_TFT_JPEG_FileReadBytes_Result_L0
0x0001       [1]    __Lib_TFT_16bit_JPEG_FileReadBytes_Result_L0
0x0001       [1]    __Lib_TFT_16bit_JPEG_FileRead_i_L0
0x0001       [1]    UART1_Read___tmp_UART1_Read_L0
0x0001       [1]    __Lib_PS2_Wait_Falling_nsample_L0
0x0001       [1]    R1
0x0001       [1]    ispunct_rslt_L0
0x0001       [2]    FLASH_Read_N_Bytes_i_L0
0x0001       [1]    FLASH_Erase_Write_64_i_L0
0x0002       [1]    FLASH_Erase_Write_64_j_L0
0x0002       [2]    strlen_cp_L0
0x0002       [2]    memchr_s_L0
0x0002       [1]    FLASH_Write_8_SaveINTCON_L0
0x0002       [1]    R2
0x0002       [2]    memset_pp_L0
0x0002       [2]    memcpy_dd_L0
0x0003       [2]    Ltrim_original_L0
0x0003       [2]    memmove_tt_L0
0x0003       [2]    MM_TotalFreeMemSize_Tot_L0
0x0003       [2]    __Lib_MmcFat16_f16_toInt_l_L0
0x0003       [1]    R3
0x0003       [1]    FLASH_Erase_Write_64_SaveINTCON_L0
0x0003       [1]    __Lib_Sprinti_?FLOC____Lib_Sprinti_Do_FillT29
0x0003       [1]    MM_Init_i_L0
0x0004       [2]    strcpy_cp_L0
0x0004       [2]    memcpy_ss_L0
0x0004       [2]    strncpy_cp_L0
0x0004       [2]    __Lib_MemManager_MM_GetMemAlign_P_L0
0x0004       [1]    R4
0x0004       [1]    __Lib_Sprinti_?FLOC____Lib_Sprinti_Do_FillT40
0x0004       [2]    frexp_pom_L0
0x0004       [2]    strcat_cp_L0
0x0004       [2]    strncat_cp_L0
0x0005       [1]    R5
0x0005       [2]    Ltrim_p_L0
0x0005       [2]    LongIntToHex_input_half_L0
0x0005       [1]    MM_TotalFreeMemSize_i_L0
0x0005       [2]    memmove_ff_L0
0x0005       [2]    LongWordToHex_input_half_L0
0x0005       [1]    __Lib_Sprinti_?FLOC____Lib_Sprinti_Do_FillT54
0x0006       [1]    R6
0x0006       [1]    __Lib_MemManager_MM_GetMemAlign_i_L0
0x0006       [1]    __Lib_Sprinti_?FLOC____Lib_Sprinti_Do_FillT69
0x0007       [1]    __Lib_TFT_16bit_JPEG_GenerateHuffmanTables_bLength_L0
0x0007       [1]    R7
0x0007       [1]    __Lib_TFT_JPEG_GenerateHuffmanTables_bLength_L0
0x0008       [1]    R8
0x0008       [1]    __Lib_TFT_16bit_JPEG_GenerateHuffmanTables_bTable_L0
0x0008       [1]    __Lib_TFT_JPEG_GenerateHuffmanTables_bTable_L0
0x0009       [1]    R9
0x0009       [4]    __Lib_MmcFat16_f16_toLong_l_L0
0x000A       [1]    R10
0x000B       [1]    R11
0x000C       [1]    R12
0x000D       [1]    R13
0x000E       [1]    R14
0x000F       [1]    R15
0x0010       [1]    R16
0x0011       [1]    R17
0x0012       [1]    R18
0x0013       [1]    R19
0x0014       [1]    R20
0x0015       [1]    _vref_mask
0x0016       [4]    _ADC_Get_Sample_Ptr
0x001A       [1]    FARG_ADC_Get_Sample_channel
0x001A       [4]    FARG_PWM1_Init_PWM_Freq
0x001A       [1]    FARG_PWM1_Set_Duty_new_duty
0x0F92       [1]    TRISA
0x0F94       [0]    TRISC2_bit
0x0FBD       [1]    CCP1CON
0x0FBE       [1]    CCPR1L
0x0FC1       [1]    ADCON1
0x0FC2       [1]    ADCON0
0x0FC3       [1]    ADRESL
0x0FC4       [1]    ADRESH
0x0FCA       [1]    T2CON
0x0FCB       [1]    PR2
0x0FD8       [1]    STATUS
0x0FD9       [1]    FSR2L
0x0FDA       [1]    FSR2H
0x0FDE       [1]    POSTINC2
0x0FE0       [1]    BSR
0x0FE1       [1]    FSR1L
0x0FE2       [1]    FSR1H
0x0FE4       [1]    PREINC1
0x0FE6       [1]    POSTINC1
0x0FE7       [1]    INDF1
0x0FE8       [1]    WREG
0x0FE9       [1]    FSR0L
0x0FEA       [1]    FSR0H
0x0FEE       [1]    POSTINC0
0x0FF3       [1]    PRODL
0x0FF4       [1]    PRODH
0x0FF5       [1]    TABLAT
0x0FF6       [1]    TBLPTRL
0x0FF7       [1]    TBLPTRH
0x0FF8       [1]    TBLPTRU
//** Constants locations ** 
//ADDRESS    SIZE    CONSTANT
//----------------------------------------------
0x01C2       [1]    ?ICS_vref_mask
