0	1	mikroCPIC1618.exe -MSF -DBG -pP18F452 -DL -O11111114 -fo8 -N"C:\Temp\TecladoLCD\ProjectTeclado.mcppi" -SP"C:\Arquivos de Programas\Mikroelektronika\mikroC PRO for PIC\Defs\" -SP"C:\Arquivos de Programas\Mikroelektronika\mikroC PRO for PIC\uses\P18\" -SP"C:\Temp\TecladoLCD\" -SP"C:\Users\joao.elias2\Downloads\" -IP"C:\Arquivos de Programas\Mikroelektronika\mikroC PRO for PIC\uses\P18\" -IP"C:\Temp\TecladoLCD\" "teclado_LCD.c" "__Lib_Math.mcl" "__Lib_MathDouble.mcl" "__Lib_System.mcl" "__Lib_Delays.mcl" "__Lib_CType.mcl" "__Lib_CString.mcl" "__Lib_CStdlib.mcl" "__Lib_CMath.mcl" "__Lib_MemManager.mcl" "__Lib_Conversions.mcl" "__Lib_Sprintf.mcl" "__Lib_PrintOut.mcl" "__Lib_Sprinti.mcl" "__Lib_Sprintl.mcl" "__Lib_Time.mcl" "__Lib_Trigonometry.mcl" "__Lib_Button.mcl" "__Lib_Keypad4x4.mcl" "__Lib_Manchester.mcl" "__Lib_OneWire.mcl" "__Lib_PS2.mcl" "__Lib_Sound.mcl" "__Lib_SoftI2C.mcl" "__Lib_SoftSPI.mcl" "__Lib_SoftUART.mcl" "__Lib_ADC_A_C.mcl" "__Lib_EEPROM_256.mcl" "__Lib_FLASH_w8_e64.mcl" "__Lib_I2C_c34.mcl" "__Lib_PWM_c21.mcl" "__Lib_SPI_c345.mcl" "__Lib_UART_c67.mcl" "__Lib_PortExpander.mcl" "__Lib_CANSPI.mcl" "__Lib_CF.mcl" "__Lib_CFFat16.mcl" "__Lib_GlcdFonts.mcl" "__Lib_Glcd.mcl" "__Lib_LcdConsts.mcl" "__Lib_Lcd.mcl" "__Lib_Mmc.mcl" "__Lib_MmcFat16.mcl" "__Lib_MmcFat16Constants.mcl" "__Lib_RS485.mcl" "__Lib_S1D13700.mcl" "__Lib_T6963C.mcl" "__Lib_SPIGlcd.mcl" "__Lib_SPILcd.mcl" "__Lib_SPILcd8.mcl" "__Lib_SPIT6963C.mcl" "__Lib_EthEnc28j60.mcl" "__Lib_TFT.mcl" "__Lib_TFT_Defs.mcl" "__Lib_TFT_16bit.mcl" "__Lib_TFT_16bit_Defs.mcl" "__Lib_TouchPanel_TFT.mcl" "__Lib_EthEnc24j600.mcl" "__Lib_STMPE610.mcl" "__Lib_TouchPanel.mcl"	 
hint: 0	1139	Available RAM: 1515 [bytes], Available ROM: 32768 [bytes]	 
diagnostics: 0	122	Compilation Started	teclado_LCD.c
error: 42	315	Invalid expression	teclado_LCD.c
error: 42	402	; expected, but 'char' found	teclado_LCD.c
error: 42	324	Undeclared identifier 'col' in expression	teclado_LCD.c
error: 42	324	Undeclared identifier 'col' in expression	teclado_LCD.c
error: 42	425	')' expected, but ';' found	teclado_LCD.c
error: 42	324	Undeclared identifier 'col' in expression	teclado_LCD.c
error: 42	402	; expected, but ')' found	teclado_LCD.c
error: 43	424	'}' expected ';' found	teclado_LCD.c
warning: 51	1503	Result is not defined in function: 'lerTecla'	teclado_LCD.c
error: 52	371	Specifier needed	teclado_LCD.c
error: 52	396	Invalid declarator expected'(' or identifier	teclado_LCD.c
error: 55	371	Specifier needed	teclado_LCD.c
error: 55	396	Invalid declarator expected'(' or identifier	teclado_LCD.c
error: 57	393	'' Identifier redefined	teclado_LCD.c
error: 57	300	Syntax Error: '(' expected,  but '{' found	teclado_LCD.c
error: 58	315	Invalid expression	teclado_LCD.c
error: 58	402	; expected, but 'char' found	teclado_LCD.c
error: 58	324	Undeclared identifier 'i' in expression	teclado_LCD.c
error: 58	324	Undeclared identifier 'i' in expression	teclado_LCD.c
error: 58	425	')' expected, but ';' found	teclado_LCD.c
error: 58	324	Undeclared identifier 'i' in expression	teclado_LCD.c
error: 58	402	; expected, but ')' found	teclado_LCD.c
error: 59	424	'}' expected ';' found	teclado_LCD.c
warning: 60	1503	Result is not defined in function: ''	teclado_LCD.c
error: 60	312	Internal error ''	teclado_LCD.c
error: 0	102	Finished (with errors): 30 abr 2025, 09:20:29	ProjectTeclado.mcppi
