;  LST file generated by mikroListExporter - v.2.0 
; Date/Time: 25/06/2025 10:49:27
;----------------------------------------------

;Address Opcode 	ASM
0x0000	0xF000EF0C  	GOTO        24
_interrupt:
;interruptTimer.c,18 :: 		void interrupt(void) {
;interruptTimer.c,19 :: 		contagem++;          // incrementa vari?vel de contagem
0x0008	0x4A15      	INFSNZ      _contagem, 1 
0x000A	0x2A16      	INCF        _contagem+1, 1 
;interruptTimer.c,22 :: 		TMR0H = 0x85;
0x000C	0x0E85      	MOVLW       133
0x000E	0x6ED7      	MOVWF       TMR0H 
;interruptTimer.c,23 :: 		TMR0L = 0xEE;
0x0010	0x0EEE      	MOVLW       238
0x0012	0x6ED6      	MOVWF       TMR0L 
;interruptTimer.c,25 :: 		INTCON.TMR0IF = 0;  // limpa flag de interrupcao do Timer0
0x0014	0x94F2      	BCF         INTCON, 2 
;interruptTimer.c,26 :: 		}
L_end_interrupt:
L__interrupt5:
0x0016	0x0011      	RETFIE      1
; end of _interrupt
_main:
;interruptTimer.c,28 :: 		void main() {
;interruptTimer.c,30 :: 		TRISB = 0;           // configura PORTB como saida
0x0018	0x6A93      	CLRF        TRISB 
;interruptTimer.c,31 :: 		PORTB = 0xFF;        // Initializa PORTB
0x001A	0x0EFF      	MOVLW       255
0x001C	0x6E81      	MOVWF       PORTB 
;interruptTimer.c,34 :: 		T0CON = 0b10000111;
0x001E	0x0E87      	MOVLW       135
0x0020	0x6ED5      	MOVWF       T0CON 
;interruptTimer.c,50 :: 		TMR0H = 0x85;
0x0022	0x0E85      	MOVLW       133
0x0024	0x6ED7      	MOVWF       TMR0H 
;interruptTimer.c,51 :: 		TMR0L = 0xEE;
0x0026	0x0EEE      	MOVLW       238
0x0028	0x6ED6      	MOVWF       TMR0L 
;interruptTimer.c,53 :: 		INTCON = 0b11100000;       // Configura a interrupcao pelo TMR0
0x002A	0x0EE0      	MOVLW       224
0x002C	0x6EF2      	MOVWF       INTCON 
;interruptTimer.c,63 :: 		contagem = 0;              // Initializa contagem
0x002E	0x6A15      	CLRF        _contagem 
0x0030	0x6A16      	CLRF        _contagem+1 
;interruptTimer.c,65 :: 		do {
L_main0:
;interruptTimer.c,66 :: 		if (contagem == 5) {
0x0032	0x0E00      	MOVLW       0
0x0034	0x1816      	XORWF       _contagem+1, 0 
0x0036	0xE102      	BNZ         L__main7
0x0038	0x0E05      	MOVLW       5
0x003A	0x1815      	XORWF       _contagem, 0 
L__main7:
0x003C	0xE103      	BNZ         L_main3
;interruptTimer.c,67 :: 		PORTB = ~PORTB;  // inverte estado dos LEDs
0x003E	0x1E81      	COMF        PORTB, 1 
;interruptTimer.c,68 :: 		contagem = 0;    // Reinicia contagem
0x0040	0x6A15      	CLRF        _contagem 
0x0042	0x6A16      	CLRF        _contagem+1 
;interruptTimer.c,69 :: 		}
L_main3:
;interruptTimer.c,70 :: 		} while(1);          // Fim do loop
0x0044	0xD7F6      	BRA         L_main0
;interruptTimer.c,71 :: 		}                      // Fim do programa
L_end_main:
0x0046	0xD7FF      	BRA         $+0
; end of _main
Symbol List:
//** Routines locations **
//ADDRESS    SIZE    PROCEDURE
//----------------------------------------------
0x0008      [16]    _interrupt
0x0018      [48]    _main
//** Variables locations ** 
//ADDRESS    SIZE    VARIABLE
//----------------------------------------------
0x0000       [1]    R0
0x0001       [1]    R1
0x0002       [1]    R2
0x0003       [1]    R3
0x0004       [1]    R4
0x0005       [1]    R5
0x0006       [1]    R6
0x0007       [1]    R7
0x0008       [1]    R8
0x0009       [1]    R9
0x000A       [1]    R10
0x000B       [1]    R11
0x000C       [1]    R12
0x000D       [1]    R13
0x000E       [1]    R14
0x000F       [1]    R15
0x0010       [1]    R16
0x0011       [1]    R17
0x0012       [1]    R18
0x0013       [1]    R19
0x0014       [1]    R20
0x0015       [2]    _contagem
0x0F81       [1]    PORTB
0x0F93       [1]    TRISB
0x0FD5       [1]    T0CON
0x0FD6       [1]    TMR0L
0x0FD7       [1]    TMR0H
0x0FD8       [1]    STATUS
0x0FD9       [1]    FSR2L
0x0FDA       [1]    FSR2H
0x0FDE       [1]    POSTINC2
0x0FE0       [1]    BSR
0x0FE1       [1]    FSR1L
0x0FE2       [1]    FSR1H
0x0FE4       [1]    PREINC1
0x0FE6       [1]    POSTINC1
0x0FE7       [1]    INDF1
0x0FE8       [1]    WREG
0x0FE9       [1]    FSR0L
0x0FEA       [1]    FSR0H
0x0FEE       [1]    POSTINC0
0x0FF2       [1]    INTCON
0x0FF3       [1]    PRODL
0x0FF4       [1]    PRODH
0x0FF5       [1]    TABLAT
0x0FF6       [1]    TBLPTRL
0x0FF7       [1]    TBLPTRH
0x0FF8       [1]    TBLPTRU
